<testsuites id="" name="" tests="147" failures="93" skipped="0" errors="0" time="449.371383">
<testsuite name="basic-app.spec.ts" timestamp="2025-09-19T15:43:43.115Z" hostname="chromium" tests="6" failures="0" skipped="0" time="25.555" errors="0">
<testcase name="Basic App Functionality › should load the application" classname="basic-app.spec.ts" time="4.139">
</testcase>
<testcase name="Basic App Functionality › should display onboarding page" classname="basic-app.spec.ts" time="4.726">
</testcase>
<testcase name="Basic App Functionality › should handle navigation to dashboard (may redirect)" classname="basic-app.spec.ts" time="4.554">
</testcase>
<testcase name="Basic App Functionality › should handle navigation to transactions" classname="basic-app.spec.ts" time="4.564">
</testcase>
<testcase name="Basic App Functionality › should handle navigation to fx-analytics" classname="basic-app.spec.ts" time="3.993">
</testcase>
<testcase name="Basic App Functionality › should handle 404 pages gracefully" classname="basic-app.spec.ts" time="3.579">
</testcase>
</testsuite>
<testsuite name="comprehensive.spec.ts" timestamp="2025-09-19T15:43:43.115Z" hostname="chromium" tests="6" failures="0" skipped="0" time="36.742" errors="0">
<testcase name="Cross-Pay Application E2E Tests › should display the onboarding page with form elements" classname="comprehensive.spec.ts" time="3.537">
</testcase>
<testcase name="Cross-Pay Application E2E Tests › should have working navigation and routing" classname="comprehensive.spec.ts" time="8.909">
</testcase>
<testcase name="Cross-Pay Application E2E Tests › should be responsive and work on mobile viewport" classname="comprehensive.spec.ts" time="6.599">
</testcase>
<testcase name="Cross-Pay Application E2E Tests › should handle form interactions on onboarding page" classname="comprehensive.spec.ts" time="6.749">
</testcase>
<testcase name="Cross-Pay Application E2E Tests › should load without JavaScript errors" classname="comprehensive.spec.ts" time="6.704">
</testcase>
<testcase name="Cross-Pay Application E2E Tests › should have proper meta tags and title" classname="comprehensive.spec.ts" time="4.244">
</testcase>
</testsuite>
<testsuite name="dashboard.spec.ts" timestamp="2025-09-19T15:43:43.115Z" hostname="chromium" tests="9" failures="9" skipped="0" time="212.938" errors="0">
<testcase name="Dashboard Functionality › should display dashboard with user data" classname="dashboard.spec.ts" time="8.205">
<failure message="dashboard.spec.ts:25:7 should display dashboard with user data" type="FAILURE">
<![CDATA[  [chromium] › dashboard.spec.ts:25:7 › Dashboard Functionality › should display dashboard with user data 

    Error: expect(locator).toBeVisible() failed

    Locator:  locator('[data-testid="dashboard-header"]')
    Expected: visible
    Received: <element(s) not found>
    Timeout:  5000ms

    Call log:
      - Expect "toBeVisible" with timeout 5000ms
      - waiting for locator('[data-testid="dashboard-header"]')


       at pages/dashboard.page.ts:19

      17 |
      18 |   async expectDashboardVisible() {
    > 19 |     await expect(this.page.locator('[data-testid="dashboard-header"]')).toBeVisible();
         |                                                                         ^
      20 |     await expect(this.page.locator('[data-testid="wallet-balance"]')).toBeVisible();
      21 |   }
      22 |
        at DashboardPage.expectDashboardVisible (/Users/abm/Documents/projects/cross-pay/e2e/pages/dashboard.page.ts:19:73)
        at /Users/abm/Documents/projects/cross-pay/e2e/dashboard.spec.ts:26:25

    attachment #1: screenshot (image/png) ──────────────────────────────────────────────────────────
    ../test-results/dashboard-Dashboard-Functi-51816-ay-dashboard-with-user-data-chromium/test-failed-1.png
    ────────────────────────────────────────────────────────────────────────────────────────────────

    attachment #2: video (video/webm) ──────────────────────────────────────────────────────────────
    ../test-results/dashboard-Dashboard-Functi-51816-ay-dashboard-with-user-data-chromium/video.webm
    ────────────────────────────────────────────────────────────────────────────────────────────────

    Error Context: ../test-results/dashboard-Dashboard-Functi-51816-ay-dashboard-with-user-data-chromium/error-context.md
]]>
</failure>
<system-out>
<![CDATA[
[[ATTACHMENT|test-results/dashboard-Dashboard-Functi-51816-ay-dashboard-with-user-data-chromium/test-failed-1.png]]

[[ATTACHMENT|test-results/dashboard-Dashboard-Functi-51816-ay-dashboard-with-user-data-chromium/video.webm]]

[[ATTACHMENT|test-results/dashboard-Dashboard-Functi-51816-ay-dashboard-with-user-data-chromium/error-context.md]]
]]>
</system-out>
<system-err>
<![CDATA[Could not set localStorage: page.evaluate: SecurityError: Failed to read the 'localStorage' property from 'Window': Access is denied for this document.
    at UtilityScript.evaluate (<anonymous>:293:16)
    at UtilityScript.<anonymous> (<anonymous>:1:44)
    at Function.setLocalStorage [90m(/Users/abm/Documents/projects/cross-pay/[39me2e/utils/test-utils.ts:39:18[90m)[39m
    at [90m/Users/abm/Documents/projects/cross-pay/[39me2e/dashboard.spec.ts:15:21 {
  [[32mSymbol(step)[39m]: {
    location: {
      file: [32m'/Users/abm/Documents/projects/cross-pay/e2e/utils/test-utils.ts'[39m,
      line: [33m39[39m,
      column: [33m18[39m,
      function: [32m'Function.setLocalStorage'[39m
    },
    category: [32m'pw:api'[39m,
    title: [32m'Evaluate'[39m,
    apiName: [32m'page.evaluate'[39m,
    params: {
      expression: [32m'({\n'[39m +
        [32m'        key,\n'[39m +
        [32m'        value\n'[39m +
        [32m'      }) => {\n'[39m +
        [32m'        localStorage.setItem(key, JSON.stringify(value));\n'[39m +
        [32m'      }'[39m,
      isFunction: [33mtrue[39m,
      arg: [36m[Object][39m
    },
    group: [90mundefined[39m,
    stepId: [32m'pw:api@27'[39m,
    boxedStack: [90mundefined[39m,
    steps: [],
    attachmentIndices: [],
    info: TestStepInfoImpl {
      annotations: [],
      _testInfo: [36m[TestInfoImpl][39m,
      _stepId: [32m'pw:api@27'[39m,
      _title: [32m'Evaluate'[39m,
      _parentStep: [36m[TestStepInfoImpl][39m,
      skip: [36m[Function (anonymous)][39m
    },
    recoverFromStepError: [36m[AsyncFunction: recoverFromStepError][39m,
    complete: [36m[Function: complete][39m,
    endWallTime: [33m1758296639341[39m,
    error: {
      message: [32m"Error: page.evaluate: SecurityError: Failed to read the 'localStorage' property from 'Window': Access is denied for this document.\n"[39m +
        [32m'    at UtilityScript.evaluate (<anonymous>:293:16)\n'[39m +
        [32m'    at UtilityScript.<anonymous> (<anonymous>:1:44)'[39m,
      stack: [32m"Error: page.evaluate: SecurityError: Failed to read the 'localStorage' property from 'Window': Access is denied for this document.\n"[39m +
        [32m'    at UtilityScript.evaluate (<anonymous>:293:16)\n'[39m +
        [32m'    at UtilityScript.<anonymous> (<anonymous>:1:44)\n'[39m +
        [32m'    at UtilityScript.evaluate (<anonymous>:293:16)\n'[39m +
        [32m'    at UtilityScript.<anonymous> (<anonymous>:1:44)\n'[39m +
        [32m'    at Function.setLocalStorage (/Users/abm/Documents/projects/cross-pay/e2e/utils/test-utils.ts:39:18)\n'[39m +
        [32m'    at /Users/abm/Documents/projects/cross-pay/e2e/dashboard.spec.ts:15:21'[39m,
      cause: [90mundefined[39m
    }
  }
}
Could not set localStorage: page.evaluate: SecurityError: Failed to read the 'localStorage' property from 'Window': Access is denied for this document.
    at UtilityScript.evaluate (<anonymous>:293:16)
    at UtilityScript.<anonymous> (<anonymous>:1:44)
    at Function.setLocalStorage [90m(/Users/abm/Documents/projects/cross-pay/[39me2e/utils/test-utils.ts:39:18[90m)[39m
    at [90m/Users/abm/Documents/projects/cross-pay/[39me2e/dashboard.spec.ts:16:21 {
  [[32mSymbol(step)[39m]: {
    location: {
      file: [32m'/Users/abm/Documents/projects/cross-pay/e2e/utils/test-utils.ts'[39m,
      line: [33m39[39m,
      column: [33m18[39m,
      function: [32m'Function.setLocalStorage'[39m
    },
    category: [32m'pw:api'[39m,
    title: [32m'Evaluate'[39m,
    apiName: [32m'page.evaluate'[39m,
    params: {
      expression: [32m'({\n'[39m +
        [32m'        key,\n'[39m +
        [32m'        value\n'[39m +
        [32m'      }) => {\n'[39m +
        [32m'        localStorage.setItem(key, JSON.stringify(value));\n'[39m +
        [32m'      }'[39m,
      isFunction: [33mtrue[39m,
      arg: [36m[Object][39m
    },
    group: [90mundefined[39m,
    stepId: [32m'pw:api@28'[39m,
    boxedStack: [90mundefined[39m,
    steps: [],
    attachmentIndices: [],
    info: TestStepInfoImpl {
      annotations: [],
      _testInfo: [36m[TestInfoImpl][39m,
      _stepId: [32m'pw:api@28'[39m,
      _title: [32m'Evaluate'[39m,
      _parentStep: [36m[TestStepInfoImpl][39m,
      skip: [36m[Function (anonymous)][39m
    },
    recoverFromStepError: [36m[AsyncFunction: recoverFromStepError][39m,
    complete: [36m[Function: complete][39m,
    endWallTime: [33m1758296639359[39m,
    error: {
      message: [32m"Error: page.evaluate: SecurityError: Failed to read the 'localStorage' property from 'Window': Access is denied for this document.\n"[39m +
        [32m'    at UtilityScript.evaluate (<anonymous>:293:16)\n'[39m +
        [32m'    at UtilityScript.<anonymous> (<anonymous>:1:44)'[39m,
      stack: [32m"Error: page.evaluate: SecurityError: Failed to read the 'localStorage' property from 'Window': Access is denied for this document.\n"[39m +
        [32m'    at UtilityScript.evaluate (<anonymous>:293:16)\n'[39m +
        [32m'    at UtilityScript.<anonymous> (<anonymous>:1:44)\n'[39m +
        [32m'    at UtilityScript.evaluate (<anonymous>:293:16)\n'[39m +
        [32m'    at UtilityScript.<anonymous> (<anonymous>:1:44)\n'[39m +
        [32m'    at Function.setLocalStorage (/Users/abm/Documents/projects/cross-pay/e2e/utils/test-utils.ts:39:18)\n'[39m +
        [32m'    at /Users/abm/Documents/projects/cross-pay/e2e/dashboard.spec.ts:16:21'[39m,
      cause: [90mundefined[39m
    }
  }
}
]]>
</system-err>
</testcase>
<testcase name="Dashboard Functionality › should navigate to transactions page" classname="dashboard.spec.ts" time="31.667">
<failure message="dashboard.spec.ts:35:7 should navigate to transactions page" type="FAILURE">
<![CDATA[  [chromium] › dashboard.spec.ts:35:7 › Dashboard Functionality › should navigate to transactions page 

    Test timeout of 30000ms exceeded.

    Error: page.click: Test timeout of 30000ms exceeded.
    Call log:
      - waiting for locator('[data-testid="transactions-nav"]')


       at pages/dashboard.page.ts:45

      43 |
      44 |   async navigateToTransactions() {
    > 45 |     await this.page.click('[data-testid="transactions-nav"]');
         |                     ^
      46 |     await expect(this.page).toHaveURL('/dashboard/transactions');
      47 |   }
      48 |
        at DashboardPage.navigateToTransactions (/Users/abm/Documents/projects/cross-pay/e2e/pages/dashboard.page.ts:45:21)
        at /Users/abm/Documents/projects/cross-pay/e2e/dashboard.spec.ts:36:25

    attachment #1: screenshot (image/png) ──────────────────────────────────────────────────────────
    ../test-results/dashboard-Dashboard-Functi-f8264-vigate-to-transactions-page-chromium/test-failed-1.png
    ────────────────────────────────────────────────────────────────────────────────────────────────

    attachment #2: video (video/webm) ──────────────────────────────────────────────────────────────
    ../test-results/dashboard-Dashboard-Functi-f8264-vigate-to-transactions-page-chromium/video.webm
    ────────────────────────────────────────────────────────────────────────────────────────────────

    Error Context: ../test-results/dashboard-Dashboard-Functi-f8264-vigate-to-transactions-page-chromium/error-context.md
]]>
</failure>
<system-out>
<![CDATA[
[[ATTACHMENT|test-results/dashboard-Dashboard-Functi-f8264-vigate-to-transactions-page-chromium/test-failed-1.png]]

[[ATTACHMENT|test-results/dashboard-Dashboard-Functi-f8264-vigate-to-transactions-page-chromium/video.webm]]

[[ATTACHMENT|test-results/dashboard-Dashboard-Functi-f8264-vigate-to-transactions-page-chromium/error-context.md]]
]]>
</system-out>
<system-err>
<![CDATA[Could not set localStorage: page.evaluate: SecurityError: Failed to read the 'localStorage' property from 'Window': Access is denied for this document.
    at UtilityScript.evaluate (<anonymous>:293:16)
    at UtilityScript.<anonymous> (<anonymous>:1:44)
    at Function.setLocalStorage [90m(/Users/abm/Documents/projects/cross-pay/[39me2e/utils/test-utils.ts:39:18[90m)[39m
    at [90m/Users/abm/Documents/projects/cross-pay/[39me2e/dashboard.spec.ts:15:21 {
  [[32mSymbol(step)[39m]: {
    location: {
      file: [32m'/Users/abm/Documents/projects/cross-pay/e2e/utils/test-utils.ts'[39m,
      line: [33m39[39m,
      column: [33m18[39m,
      function: [32m'Function.setLocalStorage'[39m
    },
    category: [32m'pw:api'[39m,
    title: [32m'Evaluate'[39m,
    apiName: [32m'page.evaluate'[39m,
    params: {
      expression: [32m'({\n'[39m +
        [32m'        key,\n'[39m +
        [32m'        value\n'[39m +
        [32m'      }) => {\n'[39m +
        [32m'        localStorage.setItem(key, JSON.stringify(value));\n'[39m +
        [32m'      }'[39m,
      isFunction: [33mtrue[39m,
      arg: [36m[Object][39m
    },
    group: [90mundefined[39m,
    stepId: [32m'pw:api@27'[39m,
    boxedStack: [90mundefined[39m,
    steps: [],
    attachmentIndices: [],
    info: TestStepInfoImpl {
      annotations: [],
      _testInfo: [36m[TestInfoImpl][39m,
      _stepId: [32m'pw:api@27'[39m,
      _title: [32m'Evaluate'[39m,
      _parentStep: [36m[TestStepInfoImpl][39m,
      skip: [36m[Function (anonymous)][39m
    },
    recoverFromStepError: [36m[AsyncFunction: recoverFromStepError][39m,
    complete: [36m[Function: complete][39m,
    endWallTime: [33m1758296639584[39m,
    error: {
      message: [32m"Error: page.evaluate: SecurityError: Failed to read the 'localStorage' property from 'Window': Access is denied for this document.\n"[39m +
        [32m'    at UtilityScript.evaluate (<anonymous>:293:16)\n'[39m +
        [32m'    at UtilityScript.<anonymous> (<anonymous>:1:44)'[39m,
      stack: [32m"Error: page.evaluate: SecurityError: Failed to read the 'localStorage' property from 'Window': Access is denied for this document.\n"[39m +
        [32m'    at UtilityScript.evaluate (<anonymous>:293:16)\n'[39m +
        [32m'    at UtilityScript.<anonymous> (<anonymous>:1:44)\n'[39m +
        [32m'    at UtilityScript.evaluate (<anonymous>:293:16)\n'[39m +
        [32m'    at UtilityScript.<anonymous> (<anonymous>:1:44)\n'[39m +
        [32m'    at Function.setLocalStorage (/Users/abm/Documents/projects/cross-pay/e2e/utils/test-utils.ts:39:18)\n'[39m +
        [32m'    at /Users/abm/Documents/projects/cross-pay/e2e/dashboard.spec.ts:15:21'[39m,
      cause: [90mundefined[39m
    }
  }
}
Could not set localStorage: page.evaluate: SecurityError: Failed to read the 'localStorage' property from 'Window': Access is denied for this document.
    at UtilityScript.evaluate (<anonymous>:293:16)
    at UtilityScript.<anonymous> (<anonymous>:1:44)
    at Function.setLocalStorage [90m(/Users/abm/Documents/projects/cross-pay/[39me2e/utils/test-utils.ts:39:18[90m)[39m
    at [90m/Users/abm/Documents/projects/cross-pay/[39me2e/dashboard.spec.ts:16:21 {
  [[32mSymbol(step)[39m]: {
    location: {
      file: [32m'/Users/abm/Documents/projects/cross-pay/e2e/utils/test-utils.ts'[39m,
      line: [33m39[39m,
      column: [33m18[39m,
      function: [32m'Function.setLocalStorage'[39m
    },
    category: [32m'pw:api'[39m,
    title: [32m'Evaluate'[39m,
    apiName: [32m'page.evaluate'[39m,
    params: {
      expression: [32m'({\n'[39m +
        [32m'        key,\n'[39m +
        [32m'        value\n'[39m +
        [32m'      }) => {\n'[39m +
        [32m'        localStorage.setItem(key, JSON.stringify(value));\n'[39m +
        [32m'      }'[39m,
      isFunction: [33mtrue[39m,
      arg: [36m[Object][39m
    },
    group: [90mundefined[39m,
    stepId: [32m'pw:api@28'[39m,
    boxedStack: [90mundefined[39m,
    steps: [],
    attachmentIndices: [],
    info: TestStepInfoImpl {
      annotations: [],
      _testInfo: [36m[TestInfoImpl][39m,
      _stepId: [32m'pw:api@28'[39m,
      _title: [32m'Evaluate'[39m,
      _parentStep: [36m[TestStepInfoImpl][39m,
      skip: [36m[Function (anonymous)][39m
    },
    recoverFromStepError: [36m[AsyncFunction: recoverFromStepError][39m,
    complete: [36m[Function: complete][39m,
    endWallTime: [33m1758296639600[39m,
    error: {
      message: [32m"Error: page.evaluate: SecurityError: Failed to read the 'localStorage' property from 'Window': Access is denied for this document.\n"[39m +
        [32m'    at UtilityScript.evaluate (<anonymous>:293:16)\n'[39m +
        [32m'    at UtilityScript.<anonymous> (<anonymous>:1:44)'[39m,
      stack: [32m"Error: page.evaluate: SecurityError: Failed to read the 'localStorage' property from 'Window': Access is denied for this document.\n"[39m +
        [32m'    at UtilityScript.evaluate (<anonymous>:293:16)\n'[39m +
        [32m'    at UtilityScript.<anonymous> (<anonymous>:1:44)\n'[39m +
        [32m'    at UtilityScript.evaluate (<anonymous>:293:16)\n'[39m +
        [32m'    at UtilityScript.<anonymous> (<anonymous>:1:44)\n'[39m +
        [32m'    at Function.setLocalStorage (/Users/abm/Documents/projects/cross-pay/e2e/utils/test-utils.ts:39:18)\n'[39m +
        [32m'    at /Users/abm/Documents/projects/cross-pay/e2e/dashboard.spec.ts:16:21'[39m,
      cause: [90mundefined[39m
    }
  }
}
]]>
</system-err>
</testcase>
<testcase name="Dashboard Functionality › should navigate to fx analytics page" classname="dashboard.spec.ts" time="31.643">
<failure message="dashboard.spec.ts:40:7 should navigate to fx analytics page" type="FAILURE">
<![CDATA[  [chromium] › dashboard.spec.ts:40:7 › Dashboard Functionality › should navigate to fx analytics page 

    Test timeout of 30000ms exceeded.

    Error: page.click: Test timeout of 30000ms exceeded.
    Call log:
      - waiting for locator('[data-testid="fx-analytics-nav"]')


       at pages/dashboard.page.ts:50

      48 |
      49 |   async navigateToFxAnalytics() {
    > 50 |     await this.page.click('[data-testid="fx-analytics-nav"]');
         |                     ^
      51 |     await expect(this.page).toHaveURL('/dashboard/fx-analytics');
      52 |   }
      53 |
        at DashboardPage.navigateToFxAnalytics (/Users/abm/Documents/projects/cross-pay/e2e/pages/dashboard.page.ts:50:21)
        at /Users/abm/Documents/projects/cross-pay/e2e/dashboard.spec.ts:41:25

    attachment #1: screenshot (image/png) ──────────────────────────────────────────────────────────
    ../test-results/dashboard-Dashboard-Functi-797d4-vigate-to-fx-analytics-page-chromium/test-failed-1.png
    ────────────────────────────────────────────────────────────────────────────────────────────────

    attachment #2: video (video/webm) ──────────────────────────────────────────────────────────────
    ../test-results/dashboard-Dashboard-Functi-797d4-vigate-to-fx-analytics-page-chromium/video.webm
    ────────────────────────────────────────────────────────────────────────────────────────────────

    Error Context: ../test-results/dashboard-Dashboard-Functi-797d4-vigate-to-fx-analytics-page-chromium/error-context.md
]]>
</failure>
<system-out>
<![CDATA[
[[ATTACHMENT|test-results/dashboard-Dashboard-Functi-797d4-vigate-to-fx-analytics-page-chromium/test-failed-1.png]]

[[ATTACHMENT|test-results/dashboard-Dashboard-Functi-797d4-vigate-to-fx-analytics-page-chromium/video.webm]]

[[ATTACHMENT|test-results/dashboard-Dashboard-Functi-797d4-vigate-to-fx-analytics-page-chromium/error-context.md]]
]]>
</system-out>
<system-err>
<![CDATA[Could not set localStorage: page.evaluate: SecurityError: Failed to read the 'localStorage' property from 'Window': Access is denied for this document.
    at UtilityScript.evaluate (<anonymous>:293:16)
    at UtilityScript.<anonymous> (<anonymous>:1:44)
    at Function.setLocalStorage [90m(/Users/abm/Documents/projects/cross-pay/[39me2e/utils/test-utils.ts:39:18[90m)[39m
    at [90m/Users/abm/Documents/projects/cross-pay/[39me2e/dashboard.spec.ts:15:21 {
  [[32mSymbol(step)[39m]: {
    location: {
      file: [32m'/Users/abm/Documents/projects/cross-pay/e2e/utils/test-utils.ts'[39m,
      line: [33m39[39m,
      column: [33m18[39m,
      function: [32m'Function.setLocalStorage'[39m
    },
    category: [32m'pw:api'[39m,
    title: [32m'Evaluate'[39m,
    apiName: [32m'page.evaluate'[39m,
    params: {
      expression: [32m'({\n'[39m +
        [32m'        key,\n'[39m +
        [32m'        value\n'[39m +
        [32m'      }) => {\n'[39m +
        [32m'        localStorage.setItem(key, JSON.stringify(value));\n'[39m +
        [32m'      }'[39m,
      isFunction: [33mtrue[39m,
      arg: [36m[Object][39m
    },
    group: [90mundefined[39m,
    stepId: [32m'pw:api@27'[39m,
    boxedStack: [90mundefined[39m,
    steps: [],
    attachmentIndices: [],
    info: TestStepInfoImpl {
      annotations: [],
      _testInfo: [36m[TestInfoImpl][39m,
      _stepId: [32m'pw:api@27'[39m,
      _title: [32m'Evaluate'[39m,
      _parentStep: [36m[TestStepInfoImpl][39m,
      skip: [36m[Function (anonymous)][39m
    },
    recoverFromStepError: [36m[AsyncFunction: recoverFromStepError][39m,
    complete: [36m[Function: complete][39m,
    endWallTime: [33m1758296639731[39m,
    error: {
      message: [32m"Error: page.evaluate: SecurityError: Failed to read the 'localStorage' property from 'Window': Access is denied for this document.\n"[39m +
        [32m'    at UtilityScript.evaluate (<anonymous>:293:16)\n'[39m +
        [32m'    at UtilityScript.<anonymous> (<anonymous>:1:44)'[39m,
      stack: [32m"Error: page.evaluate: SecurityError: Failed to read the 'localStorage' property from 'Window': Access is denied for this document.\n"[39m +
        [32m'    at UtilityScript.evaluate (<anonymous>:293:16)\n'[39m +
        [32m'    at UtilityScript.<anonymous> (<anonymous>:1:44)\n'[39m +
        [32m'    at UtilityScript.evaluate (<anonymous>:293:16)\n'[39m +
        [32m'    at UtilityScript.<anonymous> (<anonymous>:1:44)\n'[39m +
        [32m'    at Function.setLocalStorage (/Users/abm/Documents/projects/cross-pay/e2e/utils/test-utils.ts:39:18)\n'[39m +
        [32m'    at /Users/abm/Documents/projects/cross-pay/e2e/dashboard.spec.ts:15:21'[39m,
      cause: [90mundefined[39m
    }
  }
}
Could not set localStorage: page.evaluate: SecurityError: Failed to read the 'localStorage' property from 'Window': Access is denied for this document.
    at UtilityScript.evaluate (<anonymous>:293:16)
    at UtilityScript.<anonymous> (<anonymous>:1:44)
    at Function.setLocalStorage [90m(/Users/abm/Documents/projects/cross-pay/[39me2e/utils/test-utils.ts:39:18[90m)[39m
    at [90m/Users/abm/Documents/projects/cross-pay/[39me2e/dashboard.spec.ts:16:21 {
  [[32mSymbol(step)[39m]: {
    location: {
      file: [32m'/Users/abm/Documents/projects/cross-pay/e2e/utils/test-utils.ts'[39m,
      line: [33m39[39m,
      column: [33m18[39m,
      function: [32m'Function.setLocalStorage'[39m
    },
    category: [32m'pw:api'[39m,
    title: [32m'Evaluate'[39m,
    apiName: [32m'page.evaluate'[39m,
    params: {
      expression: [32m'({\n'[39m +
        [32m'        key,\n'[39m +
        [32m'        value\n'[39m +
        [32m'      }) => {\n'[39m +
        [32m'        localStorage.setItem(key, JSON.stringify(value));\n'[39m +
        [32m'      }'[39m,
      isFunction: [33mtrue[39m,
      arg: [36m[Object][39m
    },
    group: [90mundefined[39m,
    stepId: [32m'pw:api@28'[39m,
    boxedStack: [90mundefined[39m,
    steps: [],
    attachmentIndices: [],
    info: TestStepInfoImpl {
      annotations: [],
      _testInfo: [36m[TestInfoImpl][39m,
      _stepId: [32m'pw:api@28'[39m,
      _title: [32m'Evaluate'[39m,
      _parentStep: [36m[TestStepInfoImpl][39m,
      skip: [36m[Function (anonymous)][39m
    },
    recoverFromStepError: [36m[AsyncFunction: recoverFromStepError][39m,
    complete: [36m[Function: complete][39m,
    endWallTime: [33m1758296639795[39m,
    error: {
      message: [32m"Error: page.evaluate: SecurityError: Failed to read the 'localStorage' property from 'Window': Access is denied for this document.\n"[39m +
        [32m'    at UtilityScript.evaluate (<anonymous>:293:16)\n'[39m +
        [32m'    at UtilityScript.<anonymous> (<anonymous>:1:44)'[39m,
      stack: [32m"Error: page.evaluate: SecurityError: Failed to read the 'localStorage' property from 'Window': Access is denied for this document.\n"[39m +
        [32m'    at UtilityScript.evaluate (<anonymous>:293:16)\n'[39m +
        [32m'    at UtilityScript.<anonymous> (<anonymous>:1:44)\n'[39m +
        [32m'    at UtilityScript.evaluate (<anonymous>:293:16)\n'[39m +
        [32m'    at UtilityScript.<anonymous> (<anonymous>:1:44)\n'[39m +
        [32m'    at Function.setLocalStorage (/Users/abm/Documents/projects/cross-pay/e2e/utils/test-utils.ts:39:18)\n'[39m +
        [32m'    at /Users/abm/Documents/projects/cross-pay/e2e/dashboard.spec.ts:16:21'[39m,
      cause: [90mundefined[39m
    }
  }
}
]]>
</system-err>
</testcase>
<testcase name="Dashboard Functionality › should open transfer modal" classname="dashboard.spec.ts" time="31.051">
<failure message="dashboard.spec.ts:45:7 should open transfer modal" type="FAILURE">
<![CDATA[  [chromium] › dashboard.spec.ts:45:7 › Dashboard Functionality › should open transfer modal ───────

    Test timeout of 30000ms exceeded.

    Error: page.click: Test timeout of 30000ms exceeded.
    Call log:
      - waiting for locator('[data-testid="transfer-button"]')


       at pages/dashboard.page.ts:37

      35 |
      36 |   async clickTransfer() {
    > 37 |     await this.page.click('[data-testid="transfer-button"]');
         |                     ^
      38 |   }
      39 |
      40 |   async clickExchange() {
        at DashboardPage.clickTransfer (/Users/abm/Documents/projects/cross-pay/e2e/pages/dashboard.page.ts:37:21)
        at /Users/abm/Documents/projects/cross-pay/e2e/dashboard.spec.ts:46:25

    attachment #1: screenshot (image/png) ──────────────────────────────────────────────────────────
    ../test-results/dashboard-Dashboard-Functionality-should-open-transfer-modal-chromium/test-failed-1.png
    ────────────────────────────────────────────────────────────────────────────────────────────────

    attachment #2: video (video/webm) ──────────────────────────────────────────────────────────────
    ../test-results/dashboard-Dashboard-Functionality-should-open-transfer-modal-chromium/video.webm
    ────────────────────────────────────────────────────────────────────────────────────────────────

    Error Context: ../test-results/dashboard-Dashboard-Functionality-should-open-transfer-modal-chromium/error-context.md
]]>
</failure>
<system-out>
<![CDATA[
[[ATTACHMENT|test-results/dashboard-Dashboard-Functionality-should-open-transfer-modal-chromium/test-failed-1.png]]

[[ATTACHMENT|test-results/dashboard-Dashboard-Functionality-should-open-transfer-modal-chromium/video.webm]]

[[ATTACHMENT|test-results/dashboard-Dashboard-Functionality-should-open-transfer-modal-chromium/error-context.md]]
]]>
</system-out>
<system-err>
<![CDATA[Could not set localStorage: page.evaluate: SecurityError: Failed to read the 'localStorage' property from 'Window': Access is denied for this document.
    at UtilityScript.evaluate (<anonymous>:293:16)
    at UtilityScript.<anonymous> (<anonymous>:1:44)
    at Function.setLocalStorage [90m(/Users/abm/Documents/projects/cross-pay/[39me2e/utils/test-utils.ts:39:18[90m)[39m
    at [90m/Users/abm/Documents/projects/cross-pay/[39me2e/dashboard.spec.ts:15:21 {
  [[32mSymbol(step)[39m]: {
    location: {
      file: [32m'/Users/abm/Documents/projects/cross-pay/e2e/utils/test-utils.ts'[39m,
      line: [33m39[39m,
      column: [33m18[39m,
      function: [32m'Function.setLocalStorage'[39m
    },
    category: [32m'pw:api'[39m,
    title: [32m'Evaluate'[39m,
    apiName: [32m'page.evaluate'[39m,
    params: {
      expression: [32m'({\n'[39m +
        [32m'        key,\n'[39m +
        [32m'        value\n'[39m +
        [32m'      }) => {\n'[39m +
        [32m'        localStorage.setItem(key, JSON.stringify(value));\n'[39m +
        [32m'      }'[39m,
      isFunction: [33mtrue[39m,
      arg: [36m[Object][39m
    },
    group: [90mundefined[39m,
    stepId: [32m'pw:api@27'[39m,
    boxedStack: [90mundefined[39m,
    steps: [],
    attachmentIndices: [],
    info: TestStepInfoImpl {
      annotations: [],
      _testInfo: [36m[TestInfoImpl][39m,
      _stepId: [32m'pw:api@27'[39m,
      _title: [32m'Evaluate'[39m,
      _parentStep: [36m[TestStepInfoImpl][39m,
      skip: [36m[Function (anonymous)][39m
    },
    recoverFromStepError: [36m[AsyncFunction: recoverFromStepError][39m,
    complete: [36m[Function: complete][39m,
    endWallTime: [33m1758296642917[39m,
    error: {
      message: [32m"Error: page.evaluate: SecurityError: Failed to read the 'localStorage' property from 'Window': Access is denied for this document.\n"[39m +
        [32m'    at UtilityScript.evaluate (<anonymous>:293:16)\n'[39m +
        [32m'    at UtilityScript.<anonymous> (<anonymous>:1:44)'[39m,
      stack: [32m"Error: page.evaluate: SecurityError: Failed to read the 'localStorage' property from 'Window': Access is denied for this document.\n"[39m +
        [32m'    at UtilityScript.evaluate (<anonymous>:293:16)\n'[39m +
        [32m'    at UtilityScript.<anonymous> (<anonymous>:1:44)\n'[39m +
        [32m'    at UtilityScript.evaluate (<anonymous>:293:16)\n'[39m +
        [32m'    at UtilityScript.<anonymous> (<anonymous>:1:44)\n'[39m +
        [32m'    at Function.setLocalStorage (/Users/abm/Documents/projects/cross-pay/e2e/utils/test-utils.ts:39:18)\n'[39m +
        [32m'    at /Users/abm/Documents/projects/cross-pay/e2e/dashboard.spec.ts:15:21'[39m,
      cause: [90mundefined[39m
    }
  }
}
Could not set localStorage: page.evaluate: SecurityError: Failed to read the 'localStorage' property from 'Window': Access is denied for this document.
    at UtilityScript.evaluate (<anonymous>:293:16)
    at UtilityScript.<anonymous> (<anonymous>:1:44)
    at Function.setLocalStorage [90m(/Users/abm/Documents/projects/cross-pay/[39me2e/utils/test-utils.ts:39:18[90m)[39m
    at [90m/Users/abm/Documents/projects/cross-pay/[39me2e/dashboard.spec.ts:16:21 {
  [[32mSymbol(step)[39m]: {
    location: {
      file: [32m'/Users/abm/Documents/projects/cross-pay/e2e/utils/test-utils.ts'[39m,
      line: [33m39[39m,
      column: [33m18[39m,
      function: [32m'Function.setLocalStorage'[39m
    },
    category: [32m'pw:api'[39m,
    title: [32m'Evaluate'[39m,
    apiName: [32m'page.evaluate'[39m,
    params: {
      expression: [32m'({\n'[39m +
        [32m'        key,\n'[39m +
        [32m'        value\n'[39m +
        [32m'      }) => {\n'[39m +
        [32m'        localStorage.setItem(key, JSON.stringify(value));\n'[39m +
        [32m'      }'[39m,
      isFunction: [33mtrue[39m,
      arg: [36m[Object][39m
    },
    group: [90mundefined[39m,
    stepId: [32m'pw:api@28'[39m,
    boxedStack: [90mundefined[39m,
    steps: [],
    attachmentIndices: [],
    info: TestStepInfoImpl {
      annotations: [],
      _testInfo: [36m[TestInfoImpl][39m,
      _stepId: [32m'pw:api@28'[39m,
      _title: [32m'Evaluate'[39m,
      _parentStep: [36m[TestStepInfoImpl][39m,
      skip: [36m[Function (anonymous)][39m
    },
    recoverFromStepError: [36m[AsyncFunction: recoverFromStepError][39m,
    complete: [36m[Function: complete][39m,
    endWallTime: [33m1758296642932[39m,
    error: {
      message: [32m"Error: page.evaluate: SecurityError: Failed to read the 'localStorage' property from 'Window': Access is denied for this document.\n"[39m +
        [32m'    at UtilityScript.evaluate (<anonymous>:293:16)\n'[39m +
        [32m'    at UtilityScript.<anonymous> (<anonymous>:1:44)'[39m,
      stack: [32m"Error: page.evaluate: SecurityError: Failed to read the 'localStorage' property from 'Window': Access is denied for this document.\n"[39m +
        [32m'    at UtilityScript.evaluate (<anonymous>:293:16)\n'[39m +
        [32m'    at UtilityScript.<anonymous> (<anonymous>:1:44)\n'[39m +
        [32m'    at UtilityScript.evaluate (<anonymous>:293:16)\n'[39m +
        [32m'    at UtilityScript.<anonymous> (<anonymous>:1:44)\n'[39m +
        [32m'    at Function.setLocalStorage (/Users/abm/Documents/projects/cross-pay/e2e/utils/test-utils.ts:39:18)\n'[39m +
        [32m'    at /Users/abm/Documents/projects/cross-pay/e2e/dashboard.spec.ts:16:21'[39m,
      cause: [90mundefined[39m
    }
  }
}
]]>
</system-err>
</testcase>
<testcase name="Dashboard Functionality › should complete a transfer" classname="dashboard.spec.ts" time="31.081">
<failure message="dashboard.spec.ts:50:7 should complete a transfer" type="FAILURE">
<![CDATA[  [chromium] › dashboard.spec.ts:50:7 › Dashboard Functionality › should complete a transfer ───────

    Test timeout of 30000ms exceeded.

    Error: page.click: Test timeout of 30000ms exceeded.
    Call log:
      - waiting for locator('[data-testid="transfer-button"]')


       at pages/dashboard.page.ts:37

      35 |
      36 |   async clickTransfer() {
    > 37 |     await this.page.click('[data-testid="transfer-button"]');
         |                     ^
      38 |   }
      39 |
      40 |   async clickExchange() {
        at DashboardPage.clickTransfer (/Users/abm/Documents/projects/cross-pay/e2e/pages/dashboard.page.ts:37:21)
        at /Users/abm/Documents/projects/cross-pay/e2e/dashboard.spec.ts:56:25

    attachment #1: screenshot (image/png) ──────────────────────────────────────────────────────────
    ../test-results/dashboard-Dashboard-Functionality-should-complete-a-transfer-chromium/test-failed-1.png
    ────────────────────────────────────────────────────────────────────────────────────────────────

    attachment #2: video (video/webm) ──────────────────────────────────────────────────────────────
    ../test-results/dashboard-Dashboard-Functionality-should-complete-a-transfer-chromium/video.webm
    ────────────────────────────────────────────────────────────────────────────────────────────────

    Error Context: ../test-results/dashboard-Dashboard-Functionality-should-complete-a-transfer-chromium/error-context.md
]]>
</failure>
<system-out>
<![CDATA[
[[ATTACHMENT|test-results/dashboard-Dashboard-Functionality-should-complete-a-transfer-chromium/test-failed-1.png]]

[[ATTACHMENT|test-results/dashboard-Dashboard-Functionality-should-complete-a-transfer-chromium/video.webm]]

[[ATTACHMENT|test-results/dashboard-Dashboard-Functionality-should-complete-a-transfer-chromium/error-context.md]]
]]>
</system-out>
<system-err>
<![CDATA[Could not set localStorage: page.evaluate: SecurityError: Failed to read the 'localStorage' property from 'Window': Access is denied for this document.
    at UtilityScript.evaluate (<anonymous>:293:16)
    at UtilityScript.<anonymous> (<anonymous>:1:44)
    at Function.setLocalStorage [90m(/Users/abm/Documents/projects/cross-pay/[39me2e/utils/test-utils.ts:39:18[90m)[39m
    at [90m/Users/abm/Documents/projects/cross-pay/[39me2e/dashboard.spec.ts:15:21 {
  [[32mSymbol(step)[39m]: {
    location: {
      file: [32m'/Users/abm/Documents/projects/cross-pay/e2e/utils/test-utils.ts'[39m,
      line: [33m39[39m,
      column: [33m18[39m,
      function: [32m'Function.setLocalStorage'[39m
    },
    category: [32m'pw:api'[39m,
    title: [32m'Evaluate'[39m,
    apiName: [32m'page.evaluate'[39m,
    params: {
      expression: [32m'({\n'[39m +
        [32m'        key,\n'[39m +
        [32m'        value\n'[39m +
        [32m'      }) => {\n'[39m +
        [32m'        localStorage.setItem(key, JSON.stringify(value));\n'[39m +
        [32m'      }'[39m,
      isFunction: [33mtrue[39m,
      arg: [36m[Object][39m
    },
    group: [90mundefined[39m,
    stepId: [32m'pw:api@36'[39m,
    boxedStack: [90mundefined[39m,
    steps: [],
    attachmentIndices: [],
    info: TestStepInfoImpl {
      annotations: [],
      _testInfo: [36m[TestInfoImpl][39m,
      _stepId: [32m'pw:api@36'[39m,
      _title: [32m'Evaluate'[39m,
      _parentStep: [36m[TestStepInfoImpl][39m,
      skip: [36m[Function (anonymous)][39m
    },
    recoverFromStepError: [36m[AsyncFunction: recoverFromStepError][39m,
    complete: [36m[Function: complete][39m,
    endWallTime: [33m1758296648564[39m,
    error: {
      message: [32m"Error: page.evaluate: SecurityError: Failed to read the 'localStorage' property from 'Window': Access is denied for this document.\n"[39m +
        [32m'    at UtilityScript.evaluate (<anonymous>:293:16)\n'[39m +
        [32m'    at UtilityScript.<anonymous> (<anonymous>:1:44)'[39m,
      stack: [32m"Error: page.evaluate: SecurityError: Failed to read the 'localStorage' property from 'Window': Access is denied for this document.\n"[39m +
        [32m'    at UtilityScript.evaluate (<anonymous>:293:16)\n'[39m +
        [32m'    at UtilityScript.<anonymous> (<anonymous>:1:44)\n'[39m +
        [32m'    at UtilityScript.evaluate (<anonymous>:293:16)\n'[39m +
        [32m'    at UtilityScript.<anonymous> (<anonymous>:1:44)\n'[39m +
        [32m'    at Function.setLocalStorage (/Users/abm/Documents/projects/cross-pay/e2e/utils/test-utils.ts:39:18)\n'[39m +
        [32m'    at /Users/abm/Documents/projects/cross-pay/e2e/dashboard.spec.ts:15:21'[39m,
      cause: [90mundefined[39m
    }
  }
}
Could not set localStorage: page.evaluate: SecurityError: Failed to read the 'localStorage' property from 'Window': Access is denied for this document.
    at UtilityScript.evaluate (<anonymous>:293:16)
    at UtilityScript.<anonymous> (<anonymous>:1:44)
    at Function.setLocalStorage [90m(/Users/abm/Documents/projects/cross-pay/[39me2e/utils/test-utils.ts:39:18[90m)[39m
    at [90m/Users/abm/Documents/projects/cross-pay/[39me2e/dashboard.spec.ts:16:21 {
  [[32mSymbol(step)[39m]: {
    location: {
      file: [32m'/Users/abm/Documents/projects/cross-pay/e2e/utils/test-utils.ts'[39m,
      line: [33m39[39m,
      column: [33m18[39m,
      function: [32m'Function.setLocalStorage'[39m
    },
    category: [32m'pw:api'[39m,
    title: [32m'Evaluate'[39m,
    apiName: [32m'page.evaluate'[39m,
    params: {
      expression: [32m'({\n'[39m +
        [32m'        key,\n'[39m +
        [32m'        value\n'[39m +
        [32m'      }) => {\n'[39m +
        [32m'        localStorage.setItem(key, JSON.stringify(value));\n'[39m +
        [32m'      }'[39m,
      isFunction: [33mtrue[39m,
      arg: [36m[Object][39m
    },
    group: [90mundefined[39m,
    stepId: [32m'pw:api@37'[39m,
    boxedStack: [90mundefined[39m,
    steps: [],
    attachmentIndices: [],
    info: TestStepInfoImpl {
      annotations: [],
      _testInfo: [36m[TestInfoImpl][39m,
      _stepId: [32m'pw:api@37'[39m,
      _title: [32m'Evaluate'[39m,
      _parentStep: [36m[TestStepInfoImpl][39m,
      skip: [36m[Function (anonymous)][39m
    },
    recoverFromStepError: [36m[AsyncFunction: recoverFromStepError][39m,
    complete: [36m[Function: complete][39m,
    endWallTime: [33m1758296648574[39m,
    error: {
      message: [32m"Error: page.evaluate: SecurityError: Failed to read the 'localStorage' property from 'Window': Access is denied for this document.\n"[39m +
        [32m'    at UtilityScript.evaluate (<anonymous>:293:16)\n'[39m +
        [32m'    at UtilityScript.<anonymous> (<anonymous>:1:44)'[39m,
      stack: [32m"Error: page.evaluate: SecurityError: Failed to read the 'localStorage' property from 'Window': Access is denied for this document.\n"[39m +
        [32m'    at UtilityScript.evaluate (<anonymous>:293:16)\n'[39m +
        [32m'    at UtilityScript.<anonymous> (<anonymous>:1:44)\n'[39m +
        [32m'    at UtilityScript.evaluate (<anonymous>:293:16)\n'[39m +
        [32m'    at UtilityScript.<anonymous> (<anonymous>:1:44)\n'[39m +
        [32m'    at Function.setLocalStorage (/Users/abm/Documents/projects/cross-pay/e2e/utils/test-utils.ts:39:18)\n'[39m +
        [32m'    at /Users/abm/Documents/projects/cross-pay/e2e/dashboard.spec.ts:16:21'[39m,
      cause: [90mundefined[39m
    }
  }
}
]]>
</system-err>
</testcase>
<testcase name="Dashboard Functionality › should validate transfer form" classname="dashboard.spec.ts" time="31.587">
<failure message="dashboard.spec.ts:69:7 should validate transfer form" type="FAILURE">
<![CDATA[  [chromium] › dashboard.spec.ts:69:7 › Dashboard Functionality › should validate transfer form ────

    Test timeout of 30000ms exceeded.

    Error: page.click: Test timeout of 30000ms exceeded.
    Call log:
      - waiting for locator('[data-testid="transfer-button"]')


       at pages/dashboard.page.ts:37

      35 |
      36 |   async clickTransfer() {
    > 37 |     await this.page.click('[data-testid="transfer-button"]');
         |                     ^
      38 |   }
      39 |
      40 |   async clickExchange() {
        at DashboardPage.clickTransfer (/Users/abm/Documents/projects/cross-pay/e2e/pages/dashboard.page.ts:37:21)
        at /Users/abm/Documents/projects/cross-pay/e2e/dashboard.spec.ts:70:25

    attachment #1: screenshot (image/png) ──────────────────────────────────────────────────────────
    ../test-results/dashboard-Dashboard-Functi-a4253-ould-validate-transfer-form-chromium/test-failed-1.png
    ────────────────────────────────────────────────────────────────────────────────────────────────

    attachment #2: video (video/webm) ──────────────────────────────────────────────────────────────
    ../test-results/dashboard-Dashboard-Functi-a4253-ould-validate-transfer-form-chromium/video.webm
    ────────────────────────────────────────────────────────────────────────────────────────────────

    Error Context: ../test-results/dashboard-Dashboard-Functi-a4253-ould-validate-transfer-form-chromium/error-context.md
]]>
</failure>
<system-out>
<![CDATA[
[[ATTACHMENT|test-results/dashboard-Dashboard-Functi-a4253-ould-validate-transfer-form-chromium/test-failed-1.png]]

[[ATTACHMENT|test-results/dashboard-Dashboard-Functi-a4253-ould-validate-transfer-form-chromium/video.webm]]

[[ATTACHMENT|test-results/dashboard-Dashboard-Functi-a4253-ould-validate-transfer-form-chromium/error-context.md]]
]]>
</system-out>
<system-err>
<![CDATA[Could not set localStorage: page.evaluate: SecurityError: Failed to read the 'localStorage' property from 'Window': Access is denied for this document.
    at UtilityScript.evaluate (<anonymous>:293:16)
    at UtilityScript.<anonymous> (<anonymous>:1:44)
    at Function.setLocalStorage [90m(/Users/abm/Documents/projects/cross-pay/[39me2e/utils/test-utils.ts:39:18[90m)[39m
    at [90m/Users/abm/Documents/projects/cross-pay/[39me2e/dashboard.spec.ts:15:21 {
  [[32mSymbol(step)[39m]: {
    location: {
      file: [32m'/Users/abm/Documents/projects/cross-pay/e2e/utils/test-utils.ts'[39m,
      line: [33m39[39m,
      column: [33m18[39m,
      function: [32m'Function.setLocalStorage'[39m
    },
    category: [32m'pw:api'[39m,
    title: [32m'Evaluate'[39m,
    apiName: [32m'page.evaluate'[39m,
    params: {
      expression: [32m'({\n'[39m +
        [32m'        key,\n'[39m +
        [32m'        value\n'[39m +
        [32m'      }) => {\n'[39m +
        [32m'        localStorage.setItem(key, JSON.stringify(value));\n'[39m +
        [32m'      }'[39m,
      isFunction: [33mtrue[39m,
      arg: [36m[Object][39m
    },
    group: [90mundefined[39m,
    stepId: [32m'pw:api@36'[39m,
    boxedStack: [90mundefined[39m,
    steps: [],
    attachmentIndices: [],
    info: TestStepInfoImpl {
      annotations: [],
      _testInfo: [36m[TestInfoImpl][39m,
      _stepId: [32m'pw:api@36'[39m,
      _title: [32m'Evaluate'[39m,
      _parentStep: [36m[TestStepInfoImpl][39m,
      skip: [36m[Function (anonymous)][39m
    },
    recoverFromStepError: [36m[AsyncFunction: recoverFromStepError][39m,
    complete: [36m[Function: complete][39m,
    endWallTime: [33m1758296671971[39m,
    error: {
      message: [32m"Error: page.evaluate: SecurityError: Failed to read the 'localStorage' property from 'Window': Access is denied for this document.\n"[39m +
        [32m'    at UtilityScript.evaluate (<anonymous>:293:16)\n'[39m +
        [32m'    at UtilityScript.<anonymous> (<anonymous>:1:44)'[39m,
      stack: [32m"Error: page.evaluate: SecurityError: Failed to read the 'localStorage' property from 'Window': Access is denied for this document.\n"[39m +
        [32m'    at UtilityScript.evaluate (<anonymous>:293:16)\n'[39m +
        [32m'    at UtilityScript.<anonymous> (<anonymous>:1:44)\n'[39m +
        [32m'    at UtilityScript.evaluate (<anonymous>:293:16)\n'[39m +
        [32m'    at UtilityScript.<anonymous> (<anonymous>:1:44)\n'[39m +
        [32m'    at Function.setLocalStorage (/Users/abm/Documents/projects/cross-pay/e2e/utils/test-utils.ts:39:18)\n'[39m +
        [32m'    at /Users/abm/Documents/projects/cross-pay/e2e/dashboard.spec.ts:15:21'[39m,
      cause: [90mundefined[39m
    }
  }
}
Could not set localStorage: page.evaluate: SecurityError: Failed to read the 'localStorage' property from 'Window': Access is denied for this document.
    at UtilityScript.evaluate (<anonymous>:293:16)
    at UtilityScript.<anonymous> (<anonymous>:1:44)
    at Function.setLocalStorage [90m(/Users/abm/Documents/projects/cross-pay/[39me2e/utils/test-utils.ts:39:18[90m)[39m
    at [90m/Users/abm/Documents/projects/cross-pay/[39me2e/dashboard.spec.ts:16:21 {
  [[32mSymbol(step)[39m]: {
    location: {
      file: [32m'/Users/abm/Documents/projects/cross-pay/e2e/utils/test-utils.ts'[39m,
      line: [33m39[39m,
      column: [33m18[39m,
      function: [32m'Function.setLocalStorage'[39m
    },
    category: [32m'pw:api'[39m,
    title: [32m'Evaluate'[39m,
    apiName: [32m'page.evaluate'[39m,
    params: {
      expression: [32m'({\n'[39m +
        [32m'        key,\n'[39m +
        [32m'        value\n'[39m +
        [32m'      }) => {\n'[39m +
        [32m'        localStorage.setItem(key, JSON.stringify(value));\n'[39m +
        [32m'      }'[39m,
      isFunction: [33mtrue[39m,
      arg: [36m[Object][39m
    },
    group: [90mundefined[39m,
    stepId: [32m'pw:api@37'[39m,
    boxedStack: [90mundefined[39m,
    steps: [],
    attachmentIndices: [],
    info: TestStepInfoImpl {
      annotations: [],
      _testInfo: [36m[TestInfoImpl][39m,
      _stepId: [32m'pw:api@37'[39m,
      _title: [32m'Evaluate'[39m,
      _parentStep: [36m[TestStepInfoImpl][39m,
      skip: [36m[Function (anonymous)][39m
    },
    recoverFromStepError: [36m[AsyncFunction: recoverFromStepError][39m,
    complete: [36m[Function: complete][39m,
    endWallTime: [33m1758296671985[39m,
    error: {
      message: [32m"Error: page.evaluate: SecurityError: Failed to read the 'localStorage' property from 'Window': Access is denied for this document.\n"[39m +
        [32m'    at UtilityScript.evaluate (<anonymous>:293:16)\n'[39m +
        [32m'    at UtilityScript.<anonymous> (<anonymous>:1:44)'[39m,
      stack: [32m"Error: page.evaluate: SecurityError: Failed to read the 'localStorage' property from 'Window': Access is denied for this document.\n"[39m +
        [32m'    at UtilityScript.evaluate (<anonymous>:293:16)\n'[39m +
        [32m'    at UtilityScript.<anonymous> (<anonymous>:1:44)\n'[39m +
        [32m'    at UtilityScript.evaluate (<anonymous>:293:16)\n'[39m +
        [32m'    at UtilityScript.<anonymous> (<anonymous>:1:44)\n'[39m +
        [32m'    at Function.setLocalStorage (/Users/abm/Documents/projects/cross-pay/e2e/utils/test-utils.ts:39:18)\n'[39m +
        [32m'    at /Users/abm/Documents/projects/cross-pay/e2e/dashboard.spec.ts:16:21'[39m,
      cause: [90mundefined[39m
    }
  }
}
]]>
</system-err>
</testcase>
<testcase name="Dashboard Functionality › should handle insufficient balance" classname="dashboard.spec.ts" time="31.592">
<failure message="dashboard.spec.ts:79:7 should handle insufficient balance" type="FAILURE">
<![CDATA[  [chromium] › dashboard.spec.ts:79:7 › Dashboard Functionality › should handle insufficient balance 

    Test timeout of 30000ms exceeded.

    Error: page.click: Test timeout of 30000ms exceeded.
    Call log:
      - waiting for locator('[data-testid="transfer-button"]')


       at pages/dashboard.page.ts:37

      35 |
      36 |   async clickTransfer() {
    > 37 |     await this.page.click('[data-testid="transfer-button"]');
         |                     ^
      38 |   }
      39 |
      40 |   async clickExchange() {
        at DashboardPage.clickTransfer (/Users/abm/Documents/projects/cross-pay/e2e/pages/dashboard.page.ts:37:21)
        at /Users/abm/Documents/projects/cross-pay/e2e/dashboard.spec.ts:80:25

    attachment #1: screenshot (image/png) ──────────────────────────────────────────────────────────
    ../test-results/dashboard-Dashboard-Functi-b7fbf-handle-insufficient-balance-chromium/test-failed-1.png
    ────────────────────────────────────────────────────────────────────────────────────────────────

    attachment #2: video (video/webm) ──────────────────────────────────────────────────────────────
    ../test-results/dashboard-Dashboard-Functi-b7fbf-handle-insufficient-balance-chromium/video.webm
    ────────────────────────────────────────────────────────────────────────────────────────────────

    Error Context: ../test-results/dashboard-Dashboard-Functi-b7fbf-handle-insufficient-balance-chromium/error-context.md
]]>
</failure>
<system-out>
<![CDATA[
[[ATTACHMENT|test-results/dashboard-Dashboard-Functi-b7fbf-handle-insufficient-balance-chromium/test-failed-1.png]]

[[ATTACHMENT|test-results/dashboard-Dashboard-Functi-b7fbf-handle-insufficient-balance-chromium/video.webm]]

[[ATTACHMENT|test-results/dashboard-Dashboard-Functi-b7fbf-handle-insufficient-balance-chromium/error-context.md]]
]]>
</system-out>
<system-err>
<![CDATA[Could not set localStorage: page.evaluate: SecurityError: Failed to read the 'localStorage' property from 'Window': Access is denied for this document.
    at UtilityScript.evaluate (<anonymous>:293:16)
    at UtilityScript.<anonymous> (<anonymous>:1:44)
    at Function.setLocalStorage [90m(/Users/abm/Documents/projects/cross-pay/[39me2e/utils/test-utils.ts:39:18[90m)[39m
    at [90m/Users/abm/Documents/projects/cross-pay/[39me2e/dashboard.spec.ts:15:21 {
  [[32mSymbol(step)[39m]: {
    location: {
      file: [32m'/Users/abm/Documents/projects/cross-pay/e2e/utils/test-utils.ts'[39m,
      line: [33m39[39m,
      column: [33m18[39m,
      function: [32m'Function.setLocalStorage'[39m
    },
    category: [32m'pw:api'[39m,
    title: [32m'Evaluate'[39m,
    apiName: [32m'page.evaluate'[39m,
    params: {
      expression: [32m'({\n'[39m +
        [32m'        key,\n'[39m +
        [32m'        value\n'[39m +
        [32m'      }) => {\n'[39m +
        [32m'        localStorage.setItem(key, JSON.stringify(value));\n'[39m +
        [32m'      }'[39m,
      isFunction: [33mtrue[39m,
      arg: [36m[Object][39m
    },
    group: [90mundefined[39m,
    stepId: [32m'pw:api@36'[39m,
    boxedStack: [90mundefined[39m,
    steps: [],
    attachmentIndices: [],
    info: TestStepInfoImpl {
      annotations: [],
      _testInfo: [36m[TestInfoImpl][39m,
      _stepId: [32m'pw:api@36'[39m,
      _title: [32m'Evaluate'[39m,
      _parentStep: [36m[TestStepInfoImpl][39m,
      skip: [36m[Function (anonymous)][39m
    },
    recoverFromStepError: [36m[AsyncFunction: recoverFromStepError][39m,
    complete: [36m[Function: complete][39m,
    endWallTime: [33m1758296671970[39m,
    error: {
      message: [32m"Error: page.evaluate: SecurityError: Failed to read the 'localStorage' property from 'Window': Access is denied for this document.\n"[39m +
        [32m'    at UtilityScript.evaluate (<anonymous>:293:16)\n'[39m +
        [32m'    at UtilityScript.<anonymous> (<anonymous>:1:44)'[39m,
      stack: [32m"Error: page.evaluate: SecurityError: Failed to read the 'localStorage' property from 'Window': Access is denied for this document.\n"[39m +
        [32m'    at UtilityScript.evaluate (<anonymous>:293:16)\n'[39m +
        [32m'    at UtilityScript.<anonymous> (<anonymous>:1:44)\n'[39m +
        [32m'    at UtilityScript.evaluate (<anonymous>:293:16)\n'[39m +
        [32m'    at UtilityScript.<anonymous> (<anonymous>:1:44)\n'[39m +
        [32m'    at Function.setLocalStorage (/Users/abm/Documents/projects/cross-pay/e2e/utils/test-utils.ts:39:18)\n'[39m +
        [32m'    at /Users/abm/Documents/projects/cross-pay/e2e/dashboard.spec.ts:15:21'[39m,
      cause: [90mundefined[39m
    }
  }
}
Could not set localStorage: page.evaluate: SecurityError: Failed to read the 'localStorage' property from 'Window': Access is denied for this document.
    at UtilityScript.evaluate (<anonymous>:293:16)
    at UtilityScript.<anonymous> (<anonymous>:1:44)
    at Function.setLocalStorage [90m(/Users/abm/Documents/projects/cross-pay/[39me2e/utils/test-utils.ts:39:18[90m)[39m
    at [90m/Users/abm/Documents/projects/cross-pay/[39me2e/dashboard.spec.ts:16:21 {
  [[32mSymbol(step)[39m]: {
    location: {
      file: [32m'/Users/abm/Documents/projects/cross-pay/e2e/utils/test-utils.ts'[39m,
      line: [33m39[39m,
      column: [33m18[39m,
      function: [32m'Function.setLocalStorage'[39m
    },
    category: [32m'pw:api'[39m,
    title: [32m'Evaluate'[39m,
    apiName: [32m'page.evaluate'[39m,
    params: {
      expression: [32m'({\n'[39m +
        [32m'        key,\n'[39m +
        [32m'        value\n'[39m +
        [32m'      }) => {\n'[39m +
        [32m'        localStorage.setItem(key, JSON.stringify(value));\n'[39m +
        [32m'      }'[39m,
      isFunction: [33mtrue[39m,
      arg: [36m[Object][39m
    },
    group: [90mundefined[39m,
    stepId: [32m'pw:api@37'[39m,
    boxedStack: [90mundefined[39m,
    steps: [],
    attachmentIndices: [],
    info: TestStepInfoImpl {
      annotations: [],
      _testInfo: [36m[TestInfoImpl][39m,
      _stepId: [32m'pw:api@37'[39m,
      _title: [32m'Evaluate'[39m,
      _parentStep: [36m[TestStepInfoImpl][39m,
      skip: [36m[Function (anonymous)][39m
    },
    recoverFromStepError: [36m[AsyncFunction: recoverFromStepError][39m,
    complete: [36m[Function: complete][39m,
    endWallTime: [33m1758296671982[39m,
    error: {
      message: [32m"Error: page.evaluate: SecurityError: Failed to read the 'localStorage' property from 'Window': Access is denied for this document.\n"[39m +
        [32m'    at UtilityScript.evaluate (<anonymous>:293:16)\n'[39m +
        [32m'    at UtilityScript.<anonymous> (<anonymous>:1:44)'[39m,
      stack: [32m"Error: page.evaluate: SecurityError: Failed to read the 'localStorage' property from 'Window': Access is denied for this document.\n"[39m +
        [32m'    at UtilityScript.evaluate (<anonymous>:293:16)\n'[39m +
        [32m'    at UtilityScript.<anonymous> (<anonymous>:1:44)\n'[39m +
        [32m'    at UtilityScript.evaluate (<anonymous>:293:16)\n'[39m +
        [32m'    at UtilityScript.<anonymous> (<anonymous>:1:44)\n'[39m +
        [32m'    at Function.setLocalStorage (/Users/abm/Documents/projects/cross-pay/e2e/utils/test-utils.ts:39:18)\n'[39m +
        [32m'    at /Users/abm/Documents/projects/cross-pay/e2e/dashboard.spec.ts:16:21'[39m,
      cause: [90mundefined[39m
    }
  }
}
]]>
</system-err>
</testcase>
<testcase name="Dashboard Functionality › should display recent transactions" classname="dashboard.spec.ts" time="7.515">
<failure message="dashboard.spec.ts:91:7 should display recent transactions" type="FAILURE">
<![CDATA[  [chromium] › dashboard.spec.ts:91:7 › Dashboard Functionality › should display recent transactions 

    Error: expect(locator).toBeVisible() failed

    Locator:  locator('[data-testid="recent-transactions"]')
    Expected: visible
    Received: <element(s) not found>
    Timeout:  5000ms

    Call log:
      - Expect "toBeVisible" with timeout 5000ms
      - waiting for locator('[data-testid="recent-transactions"]')


       at pages/dashboard.page.ts:59

      57 |
      58 |   async verifyRecentTransactions() {
    > 59 |     await expect(this.page.locator('[data-testid="recent-transactions"]')).toBeVisible();
         |                                                                            ^
      60 |   }
      61 | }
        at DashboardPage.verifyRecentTransactions (/Users/abm/Documents/projects/cross-pay/e2e/pages/dashboard.page.ts:59:76)
        at /Users/abm/Documents/projects/cross-pay/e2e/dashboard.spec.ts:103:25

    attachment #1: screenshot (image/png) ──────────────────────────────────────────────────────────
    ../test-results/dashboard-Dashboard-Functi-8148a-display-recent-transactions-chromium/test-failed-1.png
    ────────────────────────────────────────────────────────────────────────────────────────────────

    attachment #2: video (video/webm) ──────────────────────────────────────────────────────────────
    ../test-results/dashboard-Dashboard-Functi-8148a-display-recent-transactions-chromium/video.webm
    ────────────────────────────────────────────────────────────────────────────────────────────────

    Error Context: ../test-results/dashboard-Dashboard-Functi-8148a-display-recent-transactions-chromium/error-context.md
]]>
</failure>
<system-out>
<![CDATA[
[[ATTACHMENT|test-results/dashboard-Dashboard-Functi-8148a-display-recent-transactions-chromium/test-failed-1.png]]

[[ATTACHMENT|test-results/dashboard-Dashboard-Functi-8148a-display-recent-transactions-chromium/video.webm]]

[[ATTACHMENT|test-results/dashboard-Dashboard-Functi-8148a-display-recent-transactions-chromium/error-context.md]]
]]>
</system-out>
<system-err>
<![CDATA[Could not set localStorage: page.evaluate: SecurityError: Failed to read the 'localStorage' property from 'Window': Access is denied for this document.
    at UtilityScript.evaluate (<anonymous>:293:16)
    at UtilityScript.<anonymous> (<anonymous>:1:44)
    at Function.setLocalStorage [90m(/Users/abm/Documents/projects/cross-pay/[39me2e/utils/test-utils.ts:39:18[90m)[39m
    at [90m/Users/abm/Documents/projects/cross-pay/[39me2e/dashboard.spec.ts:15:21 {
  [[32mSymbol(step)[39m]: {
    location: {
      file: [32m'/Users/abm/Documents/projects/cross-pay/e2e/utils/test-utils.ts'[39m,
      line: [33m39[39m,
      column: [33m18[39m,
      function: [32m'Function.setLocalStorage'[39m
    },
    category: [32m'pw:api'[39m,
    title: [32m'Evaluate'[39m,
    apiName: [32m'page.evaluate'[39m,
    params: {
      expression: [32m'({\n'[39m +
        [32m'        key,\n'[39m +
        [32m'        value\n'[39m +
        [32m'      }) => {\n'[39m +
        [32m'        localStorage.setItem(key, JSON.stringify(value));\n'[39m +
        [32m'      }'[39m,
      isFunction: [33mtrue[39m,
      arg: [36m[Object][39m
    },
    group: [90mundefined[39m,
    stepId: [32m'pw:api@36'[39m,
    boxedStack: [90mundefined[39m,
    steps: [],
    attachmentIndices: [],
    info: TestStepInfoImpl {
      annotations: [],
      _testInfo: [36m[TestInfoImpl][39m,
      _stepId: [32m'pw:api@36'[39m,
      _title: [32m'Evaluate'[39m,
      _parentStep: [36m[TestStepInfoImpl][39m,
      skip: [36m[Function (anonymous)][39m
    },
    recoverFromStepError: [36m[AsyncFunction: recoverFromStepError][39m,
    complete: [36m[Function: complete][39m,
    endWallTime: [33m1758296674494[39m,
    error: {
      message: [32m"Error: page.evaluate: SecurityError: Failed to read the 'localStorage' property from 'Window': Access is denied for this document.\n"[39m +
        [32m'    at UtilityScript.evaluate (<anonymous>:293:16)\n'[39m +
        [32m'    at UtilityScript.<anonymous> (<anonymous>:1:44)'[39m,
      stack: [32m"Error: page.evaluate: SecurityError: Failed to read the 'localStorage' property from 'Window': Access is denied for this document.\n"[39m +
        [32m'    at UtilityScript.evaluate (<anonymous>:293:16)\n'[39m +
        [32m'    at UtilityScript.<anonymous> (<anonymous>:1:44)\n'[39m +
        [32m'    at UtilityScript.evaluate (<anonymous>:293:16)\n'[39m +
        [32m'    at UtilityScript.<anonymous> (<anonymous>:1:44)\n'[39m +
        [32m'    at Function.setLocalStorage (/Users/abm/Documents/projects/cross-pay/e2e/utils/test-utils.ts:39:18)\n'[39m +
        [32m'    at /Users/abm/Documents/projects/cross-pay/e2e/dashboard.spec.ts:15:21'[39m,
      cause: [90mundefined[39m
    }
  }
}
Could not set localStorage: page.evaluate: SecurityError: Failed to read the 'localStorage' property from 'Window': Access is denied for this document.
    at UtilityScript.evaluate (<anonymous>:293:16)
    at UtilityScript.<anonymous> (<anonymous>:1:44)
    at Function.setLocalStorage [90m(/Users/abm/Documents/projects/cross-pay/[39me2e/utils/test-utils.ts:39:18[90m)[39m
    at [90m/Users/abm/Documents/projects/cross-pay/[39me2e/dashboard.spec.ts:16:21 {
  [[32mSymbol(step)[39m]: {
    location: {
      file: [32m'/Users/abm/Documents/projects/cross-pay/e2e/utils/test-utils.ts'[39m,
      line: [33m39[39m,
      column: [33m18[39m,
      function: [32m'Function.setLocalStorage'[39m
    },
    category: [32m'pw:api'[39m,
    title: [32m'Evaluate'[39m,
    apiName: [32m'page.evaluate'[39m,
    params: {
      expression: [32m'({\n'[39m +
        [32m'        key,\n'[39m +
        [32m'        value\n'[39m +
        [32m'      }) => {\n'[39m +
        [32m'        localStorage.setItem(key, JSON.stringify(value));\n'[39m +
        [32m'      }'[39m,
      isFunction: [33mtrue[39m,
      arg: [36m[Object][39m
    },
    group: [90mundefined[39m,
    stepId: [32m'pw:api@37'[39m,
    boxedStack: [90mundefined[39m,
    steps: [],
    attachmentIndices: [],
    info: TestStepInfoImpl {
      annotations: [],
      _testInfo: [36m[TestInfoImpl][39m,
      _stepId: [32m'pw:api@37'[39m,
      _title: [32m'Evaluate'[39m,
      _parentStep: [36m[TestStepInfoImpl][39m,
      skip: [36m[Function (anonymous)][39m
    },
    recoverFromStepError: [36m[AsyncFunction: recoverFromStepError][39m,
    complete: [36m[Function: complete][39m,
    endWallTime: [33m1758296674501[39m,
    error: {
      message: [32m"Error: page.evaluate: SecurityError: Failed to read the 'localStorage' property from 'Window': Access is denied for this document.\n"[39m +
        [32m'    at UtilityScript.evaluate (<anonymous>:293:16)\n'[39m +
        [32m'    at UtilityScript.<anonymous> (<anonymous>:1:44)'[39m,
      stack: [32m"Error: page.evaluate: SecurityError: Failed to read the 'localStorage' property from 'Window': Access is denied for this document.\n"[39m +
        [32m'    at UtilityScript.evaluate (<anonymous>:293:16)\n'[39m +
        [32m'    at UtilityScript.<anonymous> (<anonymous>:1:44)\n'[39m +
        [32m'    at UtilityScript.evaluate (<anonymous>:293:16)\n'[39m +
        [32m'    at UtilityScript.<anonymous> (<anonymous>:1:44)\n'[39m +
        [32m'    at Function.setLocalStorage (/Users/abm/Documents/projects/cross-pay/e2e/utils/test-utils.ts:39:18)\n'[39m +
        [32m'    at /Users/abm/Documents/projects/cross-pay/e2e/dashboard.spec.ts:16:21'[39m,
      cause: [90mundefined[39m
    }
  }
}
]]>
</system-err>
</testcase>
<testcase name="Dashboard Functionality › should handle API errors gracefully" classname="dashboard.spec.ts" time="8.597">
<failure message="dashboard.spec.ts:106:7 should handle API errors gracefully" type="FAILURE">
<![CDATA[  [chromium] › dashboard.spec.ts:106:7 › Dashboard Functionality › should handle API errors gracefully 

    Error: expect(locator).toBeVisible() failed

    Locator:  locator('[data-testid="error-message"]')
    Expected: visible
    Received: <element(s) not found>
    Timeout:  5000ms

    Call log:
      - Expect "toBeVisible" with timeout 5000ms
      - waiting for locator('[data-testid="error-message"]')


      110 |     await TestUtils.waitForAngularToLoad(page);
      111 |
    > 112 |     await expect(page.locator('[data-testid="error-message"]')).toBeVisible();
          |                                                                 ^
      113 |   });
      114 | });
      115 |
        at /Users/abm/Documents/projects/cross-pay/e2e/dashboard.spec.ts:112:65

    attachment #1: screenshot (image/png) ──────────────────────────────────────────────────────────
    ../test-results/dashboard-Dashboard-Functi-3dffd-andle-API-errors-gracefully-chromium/test-failed-1.png
    ────────────────────────────────────────────────────────────────────────────────────────────────

    attachment #2: video (video/webm) ──────────────────────────────────────────────────────────────
    ../test-results/dashboard-Dashboard-Functi-3dffd-andle-API-errors-gracefully-chromium/video.webm
    ────────────────────────────────────────────────────────────────────────────────────────────────

    Error Context: ../test-results/dashboard-Dashboard-Functi-3dffd-andle-API-errors-gracefully-chromium/error-context.md
]]>
</failure>
<system-out>
<![CDATA[
[[ATTACHMENT|test-results/dashboard-Dashboard-Functi-3dffd-andle-API-errors-gracefully-chromium/test-failed-1.png]]

[[ATTACHMENT|test-results/dashboard-Dashboard-Functi-3dffd-andle-API-errors-gracefully-chromium/video.webm]]

[[ATTACHMENT|test-results/dashboard-Dashboard-Functi-3dffd-andle-API-errors-gracefully-chromium/error-context.md]]
]]>
</system-out>
<system-err>
<![CDATA[Could not set localStorage: page.evaluate: SecurityError: Failed to read the 'localStorage' property from 'Window': Access is denied for this document.
    at UtilityScript.evaluate (<anonymous>:293:16)
    at UtilityScript.<anonymous> (<anonymous>:1:44)
    at Function.setLocalStorage [90m(/Users/abm/Documents/projects/cross-pay/[39me2e/utils/test-utils.ts:39:18[90m)[39m
    at [90m/Users/abm/Documents/projects/cross-pay/[39me2e/dashboard.spec.ts:15:21 {
  [[32mSymbol(step)[39m]: {
    location: {
      file: [32m'/Users/abm/Documents/projects/cross-pay/e2e/utils/test-utils.ts'[39m,
      line: [33m39[39m,
      column: [33m18[39m,
      function: [32m'Function.setLocalStorage'[39m
    },
    category: [32m'pw:api'[39m,
    title: [32m'Evaluate'[39m,
    apiName: [32m'page.evaluate'[39m,
    params: {
      expression: [32m'({\n'[39m +
        [32m'        key,\n'[39m +
        [32m'        value\n'[39m +
        [32m'      }) => {\n'[39m +
        [32m'        localStorage.setItem(key, JSON.stringify(value));\n'[39m +
        [32m'      }'[39m,
      isFunction: [33mtrue[39m,
      arg: [36m[Object][39m
    },
    group: [90mundefined[39m,
    stepId: [32m'pw:api@36'[39m,
    boxedStack: [90mundefined[39m,
    steps: [],
    attachmentIndices: [],
    info: TestStepInfoImpl {
      annotations: [],
      _testInfo: [36m[TestInfoImpl][39m,
      _stepId: [32m'pw:api@36'[39m,
      _title: [32m'Evaluate'[39m,
      _parentStep: [36m[TestStepInfoImpl][39m,
      skip: [36m[Function (anonymous)][39m
    },
    recoverFromStepError: [36m[AsyncFunction: recoverFromStepError][39m,
    complete: [36m[Function: complete][39m,
    endWallTime: [33m1758296680278[39m,
    error: {
      message: [32m"Error: page.evaluate: SecurityError: Failed to read the 'localStorage' property from 'Window': Access is denied for this document.\n"[39m +
        [32m'    at UtilityScript.evaluate (<anonymous>:293:16)\n'[39m +
        [32m'    at UtilityScript.<anonymous> (<anonymous>:1:44)'[39m,
      stack: [32m"Error: page.evaluate: SecurityError: Failed to read the 'localStorage' property from 'Window': Access is denied for this document.\n"[39m +
        [32m'    at UtilityScript.evaluate (<anonymous>:293:16)\n'[39m +
        [32m'    at UtilityScript.<anonymous> (<anonymous>:1:44)\n'[39m +
        [32m'    at UtilityScript.evaluate (<anonymous>:293:16)\n'[39m +
        [32m'    at UtilityScript.<anonymous> (<anonymous>:1:44)\n'[39m +
        [32m'    at Function.setLocalStorage (/Users/abm/Documents/projects/cross-pay/e2e/utils/test-utils.ts:39:18)\n'[39m +
        [32m'    at /Users/abm/Documents/projects/cross-pay/e2e/dashboard.spec.ts:15:21'[39m,
      cause: [90mundefined[39m
    }
  }
}
Could not set localStorage: page.evaluate: SecurityError: Failed to read the 'localStorage' property from 'Window': Access is denied for this document.
    at UtilityScript.evaluate (<anonymous>:293:16)
    at UtilityScript.<anonymous> (<anonymous>:1:44)
    at Function.setLocalStorage [90m(/Users/abm/Documents/projects/cross-pay/[39me2e/utils/test-utils.ts:39:18[90m)[39m
    at [90m/Users/abm/Documents/projects/cross-pay/[39me2e/dashboard.spec.ts:16:21 {
  [[32mSymbol(step)[39m]: {
    location: {
      file: [32m'/Users/abm/Documents/projects/cross-pay/e2e/utils/test-utils.ts'[39m,
      line: [33m39[39m,
      column: [33m18[39m,
      function: [32m'Function.setLocalStorage'[39m
    },
    category: [32m'pw:api'[39m,
    title: [32m'Evaluate'[39m,
    apiName: [32m'page.evaluate'[39m,
    params: {
      expression: [32m'({\n'[39m +
        [32m'        key,\n'[39m +
        [32m'        value\n'[39m +
        [32m'      }) => {\n'[39m +
        [32m'        localStorage.setItem(key, JSON.stringify(value));\n'[39m +
        [32m'      }'[39m,
      isFunction: [33mtrue[39m,
      arg: [36m[Object][39m
    },
    group: [90mundefined[39m,
    stepId: [32m'pw:api@37'[39m,
    boxedStack: [90mundefined[39m,
    steps: [],
    attachmentIndices: [],
    info: TestStepInfoImpl {
      annotations: [],
      _testInfo: [36m[TestInfoImpl][39m,
      _stepId: [32m'pw:api@37'[39m,
      _title: [32m'Evaluate'[39m,
      _parentStep: [36m[TestStepInfoImpl][39m,
      skip: [36m[Function (anonymous)][39m
    },
    recoverFromStepError: [36m[AsyncFunction: recoverFromStepError][39m,
    complete: [36m[Function: complete][39m,
    endWallTime: [33m1758296680287[39m,
    error: {
      message: [32m"Error: page.evaluate: SecurityError: Failed to read the 'localStorage' property from 'Window': Access is denied for this document.\n"[39m +
        [32m'    at UtilityScript.evaluate (<anonymous>:293:16)\n'[39m +
        [32m'    at UtilityScript.<anonymous> (<anonymous>:1:44)'[39m,
      stack: [32m"Error: page.evaluate: SecurityError: Failed to read the 'localStorage' property from 'Window': Access is denied for this document.\n"[39m +
        [32m'    at UtilityScript.evaluate (<anonymous>:293:16)\n'[39m +
        [32m'    at UtilityScript.<anonymous> (<anonymous>:1:44)\n'[39m +
        [32m'    at UtilityScript.evaluate (<anonymous>:293:16)\n'[39m +
        [32m'    at UtilityScript.<anonymous> (<anonymous>:1:44)\n'[39m +
        [32m'    at Function.setLocalStorage (/Users/abm/Documents/projects/cross-pay/e2e/utils/test-utils.ts:39:18)\n'[39m +
        [32m'    at /Users/abm/Documents/projects/cross-pay/e2e/dashboard.spec.ts:16:21'[39m,
      cause: [90mundefined[39m
    }
  }
}
]]>
</system-err>
</testcase>
</testsuite>
<testsuite name="fx-analytics.spec.ts" timestamp="2025-09-19T15:43:43.115Z" hostname="chromium" tests="5" failures="5" skipped="0" time="91.067" errors="0">
<testcase name="FX Analytics Page › should display FX analytics dashboard" classname="fx-analytics.spec.ts" time="8.775">
<failure message="fx-analytics.spec.ts:29:5 should display FX analytics dashboard" type="FAILURE">
<![CDATA[  [chromium] › fx-analytics.spec.ts:29:5 › FX Analytics Page › should display FX analytics dashboard 

    Error: expect(locator).toBeVisible() failed

    Locator:  locator('[data-testid="fx-analytics-container"]')
    Expected: visible
    Received: <element(s) not found>
    Timeout:  5000ms

    Call log:
      - Expect "toBeVisible" with timeout 5000ms
      - waiting for locator('[data-testid="fx-analytics-container"]')


       at pages/fx-analytics.page.ts:19

      17 |
      18 |   async expectAnalyticsVisible() {
    > 19 |     await expect(this.page.locator('[data-testid="fx-analytics-container"]')).toBeVisible();
         |                                                                               ^
      20 |   }
      21 |
      22 |   async expectExchangeRateChart() {
        at FxAnalyticsPage.expectAnalyticsVisible (/Users/abm/Documents/projects/cross-pay/e2e/pages/fx-analytics.page.ts:19:79)
        at /Users/abm/Documents/projects/cross-pay/e2e/fx-analytics.spec.ts:30:27

    attachment #1: screenshot (image/png) ──────────────────────────────────────────────────────────
    ../test-results/fx-analytics-FX-Analytics--f09c9-play-FX-analytics-dashboard-chromium/test-failed-1.png
    ────────────────────────────────────────────────────────────────────────────────────────────────

    attachment #2: video (video/webm) ──────────────────────────────────────────────────────────────
    ../test-results/fx-analytics-FX-Analytics--f09c9-play-FX-analytics-dashboard-chromium/video.webm
    ────────────────────────────────────────────────────────────────────────────────────────────────

    Error Context: ../test-results/fx-analytics-FX-Analytics--f09c9-play-FX-analytics-dashboard-chromium/error-context.md
]]>
</failure>
<system-out>
<![CDATA[
[[ATTACHMENT|test-results/fx-analytics-FX-Analytics--f09c9-play-FX-analytics-dashboard-chromium/test-failed-1.png]]

[[ATTACHMENT|test-results/fx-analytics-FX-Analytics--f09c9-play-FX-analytics-dashboard-chromium/video.webm]]

[[ATTACHMENT|test-results/fx-analytics-FX-Analytics--f09c9-play-FX-analytics-dashboard-chromium/error-context.md]]
]]>
</system-out>
<system-err>
<![CDATA[Could not set localStorage: page.evaluate: SecurityError: Failed to read the 'localStorage' property from 'Window': Access is denied for this document.
    at UtilityScript.evaluate (<anonymous>:293:16)
    at UtilityScript.<anonymous> (<anonymous>:1:44)
    at Function.setLocalStorage [90m(/Users/abm/Documents/projects/cross-pay/[39me2e/utils/test-utils.ts:39:18[90m)[39m
    at [90m/Users/abm/Documents/projects/cross-pay/[39me2e/fx-analytics.spec.ts:12:21 {
  [[32mSymbol(step)[39m]: {
    location: {
      file: [32m'/Users/abm/Documents/projects/cross-pay/e2e/utils/test-utils.ts'[39m,
      line: [33m39[39m,
      column: [33m18[39m,
      function: [32m'Function.setLocalStorage'[39m
    },
    category: [32m'pw:api'[39m,
    title: [32m'Evaluate'[39m,
    apiName: [32m'page.evaluate'[39m,
    params: {
      expression: [32m'({\n'[39m +
        [32m'        key,\n'[39m +
        [32m'        value\n'[39m +
        [32m'      }) => {\n'[39m +
        [32m'        localStorage.setItem(key, JSON.stringify(value));\n'[39m +
        [32m'      }'[39m,
      isFunction: [33mtrue[39m,
      arg: [36m[Object][39m
    },
    group: [90mundefined[39m,
    stepId: [32m'pw:api@36'[39m,
    boxedStack: [90mundefined[39m,
    steps: [],
    attachmentIndices: [],
    info: TestStepInfoImpl {
      annotations: [],
      _testInfo: [36m[TestInfoImpl][39m,
      _stepId: [32m'pw:api@36'[39m,
      _title: [32m'Evaluate'[39m,
      _parentStep: [36m[TestStepInfoImpl][39m,
      skip: [36m[Function (anonymous)][39m
    },
    recoverFromStepError: [36m[AsyncFunction: recoverFromStepError][39m,
    complete: [36m[Function: complete][39m,
    endWallTime: [33m1758296682733[39m,
    error: {
      message: [32m"Error: page.evaluate: SecurityError: Failed to read the 'localStorage' property from 'Window': Access is denied for this document.\n"[39m +
        [32m'    at UtilityScript.evaluate (<anonymous>:293:16)\n'[39m +
        [32m'    at UtilityScript.<anonymous> (<anonymous>:1:44)'[39m,
      stack: [32m"Error: page.evaluate: SecurityError: Failed to read the 'localStorage' property from 'Window': Access is denied for this document.\n"[39m +
        [32m'    at UtilityScript.evaluate (<anonymous>:293:16)\n'[39m +
        [32m'    at UtilityScript.<anonymous> (<anonymous>:1:44)\n'[39m +
        [32m'    at UtilityScript.evaluate (<anonymous>:293:16)\n'[39m +
        [32m'    at UtilityScript.<anonymous> (<anonymous>:1:44)\n'[39m +
        [32m'    at Function.setLocalStorage (/Users/abm/Documents/projects/cross-pay/e2e/utils/test-utils.ts:39:18)\n'[39m +
        [32m'    at /Users/abm/Documents/projects/cross-pay/e2e/fx-analytics.spec.ts:12:21'[39m,
      cause: [90mundefined[39m
    }
  }
}
]]>
</system-err>
</testcase>
<testcase name="FX Analytics Page › should display current exchange rate" classname="fx-analytics.spec.ts" time="7.525">
<failure message="fx-analytics.spec.ts:34:5 should display current exchange rate" type="FAILURE">
<![CDATA[  [chromium] › fx-analytics.spec.ts:34:5 › FX Analytics Page › should display current exchange rate 

    Error: expect(locator).toContainText(expected) failed

    Locator: locator('[data-testid="current-exchange-rate"]')
    Expected string: "0.85"
    Received: <element(s) not found>
    Timeout: 5000ms

    Call log:
      - Expect "toContainText" with timeout 5000ms
      - waiting for locator('[data-testid="current-exchange-rate"]')


       at pages/fx-analytics.page.ts:39

      37 |
      38 |   async expectCurrentRate(rate: string) {
    > 39 |     await expect(this.page.locator('[data-testid="current-exchange-rate"]')).toContainText(rate);
         |                                                                              ^
      40 |   }
      41 |
      42 |   async expectRateChange(change: string) {
        at FxAnalyticsPage.expectCurrentRate (/Users/abm/Documents/projects/cross-pay/e2e/pages/fx-analytics.page.ts:39:78)
        at /Users/abm/Documents/projects/cross-pay/e2e/fx-analytics.spec.ts:35:27

    attachment #1: screenshot (image/png) ──────────────────────────────────────────────────────────
    ../test-results/fx-analytics-FX-Analytics--17dd2-splay-current-exchange-rate-chromium/test-failed-1.png
    ────────────────────────────────────────────────────────────────────────────────────────────────

    attachment #2: video (video/webm) ──────────────────────────────────────────────────────────────
    ../test-results/fx-analytics-FX-Analytics--17dd2-splay-current-exchange-rate-chromium/video.webm
    ────────────────────────────────────────────────────────────────────────────────────────────────

    Error Context: ../test-results/fx-analytics-FX-Analytics--17dd2-splay-current-exchange-rate-chromium/error-context.md
]]>
</failure>
<system-out>
<![CDATA[
[[ATTACHMENT|test-results/fx-analytics-FX-Analytics--17dd2-splay-current-exchange-rate-chromium/test-failed-1.png]]

[[ATTACHMENT|test-results/fx-analytics-FX-Analytics--17dd2-splay-current-exchange-rate-chromium/video.webm]]

[[ATTACHMENT|test-results/fx-analytics-FX-Analytics--17dd2-splay-current-exchange-rate-chromium/error-context.md]]
]]>
</system-out>
<system-err>
<![CDATA[Could not set localStorage: page.evaluate: SecurityError: Failed to read the 'localStorage' property from 'Window': Access is denied for this document.
    at UtilityScript.evaluate (<anonymous>:293:16)
    at UtilityScript.<anonymous> (<anonymous>:1:44)
    at Function.setLocalStorage [90m(/Users/abm/Documents/projects/cross-pay/[39me2e/utils/test-utils.ts:39:18[90m)[39m
    at [90m/Users/abm/Documents/projects/cross-pay/[39me2e/fx-analytics.spec.ts:12:21 {
  [[32mSymbol(step)[39m]: {
    location: {
      file: [32m'/Users/abm/Documents/projects/cross-pay/e2e/utils/test-utils.ts'[39m,
      line: [33m39[39m,
      column: [33m18[39m,
      function: [32m'Function.setLocalStorage'[39m
    },
    category: [32m'pw:api'[39m,
    title: [32m'Evaluate'[39m,
    apiName: [32m'page.evaluate'[39m,
    params: {
      expression: [32m'({\n'[39m +
        [32m'        key,\n'[39m +
        [32m'        value\n'[39m +
        [32m'      }) => {\n'[39m +
[...]
      cause: [90mundefined[39m
    }
  }
}
]]>
</system-err>
</testcase>
<testcase name="Transactions Page › should search transactions" classname="transactions.spec.ts" time="30.932">
<failure message="transactions.spec.ts:119:7 should search transactions" type="FAILURE">
<![CDATA[  [Mobile Chrome] › transactions.spec.ts:119:7 › Transactions Page › should search transactions ────

    Test timeout of 30000ms exceeded.

    Error: page.fill: Test timeout of 30000ms exceeded.
    Call log:
      - waiting for locator('[data-testid="transaction-search"]')


       at pages/transactions.page.ts:34

      32 |
      33 |   async searchTransactions(query: string) {
    > 34 |     await this.page.fill('[data-testid="transaction-search"]', query);
         |                     ^
      35 |     await this.page.press('[data-testid="transaction-search"]', 'Enter');
      36 |   }
      37 |
        at TransactionsPage.searchTransactions (/Users/abm/Documents/projects/cross-pay/e2e/pages/transactions.page.ts:34:21)
        at /Users/abm/Documents/projects/cross-pay/e2e/transactions.spec.ts:142:28

    attachment #1: screenshot (image/png) ──────────────────────────────────────────────────────────
    ../test-results/transactions-Transactions-Page-should-search-transactions-Mobile-Chrome/test-failed-1.png
    ────────────────────────────────────────────────────────────────────────────────────────────────

    attachment #2: video (video/webm) ──────────────────────────────────────────────────────────────
    ../test-results/transactions-Transactions-Page-should-search-transactions-Mobile-Chrome/video.webm
    ────────────────────────────────────────────────────────────────────────────────────────────────

    Error Context: ../test-results/transactions-Transactions-Page-should-search-transactions-Mobile-Chrome/error-context.md
]]>
</failure>
<system-out>
<![CDATA[
[[ATTACHMENT|test-results/transactions-Transactions-Page-should-search-transactions-Mobile-Chrome/test-failed-1.png]]

[[ATTACHMENT|test-results/transactions-Transactions-Page-should-search-transactions-Mobile-Chrome/video.webm]]

[[ATTACHMENT|test-results/transactions-Transactions-Page-should-search-transactions-Mobile-Chrome/error-context.md]]
]]>
</system-out>
<system-err>
<![CDATA[Could not set localStorage: page.evaluate: SecurityError: Failed to read the 'localStorage' property from 'Window': Access is denied for this document.
    at UtilityScript.evaluate (<anonymous>:293:16)
    at UtilityScript.<anonymous> (<anonymous>:1:44)
    at Function.setLocalStorage [90m(/Users/abm/Documents/projects/cross-pay/[39me2e/utils/test-utils.ts:39:18[90m)[39m
    at [90m/Users/abm/Documents/projects/cross-pay/[39me2e/transactions.spec.ts:11:21 {
  [[32mSymbol(step)[39m]: {
    location: {
      file: [32m'/Users/abm/Documents/projects/cross-pay/e2e/utils/test-utils.ts'[39m,
      line: [33m39[39m,
      column: [33m18[39m,
      function: [32m'Function.setLocalStorage'[39m
    },
    category: [32m'pw:api'[39m,
    title: [32m'Evaluate'[39m,
    apiName: [32m'page.evaluate'[39m,
    params: {
      expression: [32m'({\n'[39m +
        [32m'        key,\n'[39m +
        [32m'        value\n'[39m +
        [32m'      }) => {\n'[39m +
        [32m'        localStorage.setItem(key, JSON.stringify(value));\n'[39m +
        [32m'      }'[39m,
      isFunction: [33mtrue[39m,
      arg: [36m[Object][39m
    },
    group: [90mundefined[39m,
    stepId: [32m'pw:api@36'[39m,
    boxedStack: [90mundefined[39m,
    steps: [],
    attachmentIndices: [],
    info: TestStepInfoImpl {
      annotations: [],
      _testInfo: [36m[TestInfoImpl][39m,
      _stepId: [32m'pw:api@36'[39m,
      _title: [32m'Evaluate'[39m,
      _parentStep: [36m[TestStepInfoImpl][39m,
      skip: [36m[Function (anonymous)][39m
    },
    recoverFromStepError: [36m[AsyncFunction: recoverFromStepError][39m,
    complete: [36m[Function: complete][39m,
    endWallTime: [33m1758297041555[39m,
    error: {
      message: [32m"Error: page.evaluate: SecurityError: Failed to read the 'localStorage' property from 'Window': Access is denied for this document.\n"[39m +
        [32m'    at UtilityScript.evaluate (<anonymous>:293:16)\n'[39m +
        [32m'    at UtilityScript.<anonymous> (<anonymous>:1:44)'[39m,
      stack: [32m"Error: page.evaluate: SecurityError: Failed to read the 'localStorage' property from 'Window': Access is denied for this document.\n"[39m +
        [32m'    at UtilityScript.evaluate (<anonymous>:293:16)\n'[39m +
        [32m'    at UtilityScript.<anonymous> (<anonymous>:1:44)\n'[39m +
        [32m'    at UtilityScript.evaluate (<anonymous>:293:16)\n'[39m +
        [32m'    at UtilityScript.<anonymous> (<anonymous>:1:44)\n'[39m +
        [32m'    at Function.setLocalStorage (/Users/abm/Documents/projects/cross-pay/e2e/utils/test-utils.ts:39:18)\n'[39m +
        [32m'    at /Users/abm/Documents/projects/cross-pay/e2e/transactions.spec.ts:11:21'[39m,
      cause: [90mundefined[39m
    }
  }
}
]]>
</system-err>
</testcase>
<testcase name="Transactions Page › should handle pagination" classname="transactions.spec.ts" time="7.04">
<failure message="transactions.spec.ts:146:7 should handle pagination" type="FAILURE">
<![CDATA[  [Mobile Chrome] › transactions.spec.ts:146:7 › Transactions Page › should handle pagination ──────

    Error: expect(locator).toBeVisible() failed

    Locator:  locator('[data-testid="pagination"]')
    Expected: visible
    Received: <element(s) not found>
    Timeout:  5000ms

    Call log:
      - Expect "toBeVisible" with timeout 5000ms
      - waiting for locator('[data-testid="pagination"]')


       at pages/transactions.page.ts:44

      42 |
      43 |   async expectPaginationVisible() {
    > 44 |     await expect(this.page.locator('[data-testid="pagination"]')).toBeVisible();
         |                                                                   ^
      45 |   }
      46 |
      47 |   async navigateToPage(pageNumber: number) {
        at TransactionsPage.expectPaginationVisible (/Users/abm/Documents/projects/cross-pay/e2e/pages/transactions.page.ts:44:67)
        at /Users/abm/Documents/projects/cross-pay/e2e/transactions.spec.ts:147:28

    attachment #1: screenshot (image/png) ──────────────────────────────────────────────────────────
    ../test-results/transactions-Transactions-Page-should-handle-pagination-Mobile-Chrome/test-failed-1.png
    ────────────────────────────────────────────────────────────────────────────────────────────────

    attachment #2: video (video/webm) ──────────────────────────────────────────────────────────────
    ../test-results/transactions-Transactions-Page-should-handle-pagination-Mobile-Chrome/video.webm
    ────────────────────────────────────────────────────────────────────────────────────────────────

    Error Context: ../test-results/transactions-Transactions-Page-should-handle-pagination-Mobile-Chrome/error-context.md
]]>
</failure>
<system-out>
<![CDATA[
[[ATTACHMENT|test-results/transactions-Transactions-Page-should-handle-pagination-Mobile-Chrome/test-failed-1.png]]

[[ATTACHMENT|test-results/transactions-Transactions-Page-should-handle-pagination-Mobile-Chrome/video.webm]]

[[ATTACHMENT|test-results/transactions-Transactions-Page-should-handle-pagination-Mobile-Chrome/error-context.md]]
]]>
</system-out>
<system-err>
<![CDATA[Could not set localStorage: page.evaluate: SecurityError: Failed to read the 'localStorage' property from 'Window': Access is denied for this document.
    at UtilityScript.evaluate (<anonymous>:293:16)
    at UtilityScript.<anonymous> (<anonymous>:1:44)
    at Function.setLocalStorage [90m(/Users/abm/Documents/projects/cross-pay/[39me2e/utils/test-utils.ts:39:18[90m)[39m
    at [90m/Users/abm/Documents/projects/cross-pay/[39me2e/transactions.spec.ts:11:21 {
  [[32mSymbol(step)[39m]: {
    location: {
      file: [32m'/Users/abm/Documents/projects/cross-pay/e2e/utils/test-utils.ts'[39m,
      line: [33m39[39m,
      column: [33m18[39m,
      function: [32m'Function.setLocalStorage'[39m
    },
    category: [32m'pw:api'[39m,
    title: [32m'Evaluate'[39m,
    apiName: [32m'page.evaluate'[39m,
    params: {
      expression: [32m'({\n'[39m +
        [32m'        key,\n'[39m +
        [32m'        value\n'[39m +
        [32m'      }) => {\n'[39m +
        [32m'        localStorage.setItem(key, JSON.stringify(value));\n'[39m +
        [32m'      }'[39m,
      isFunction: [33mtrue[39m,
      arg: [36m[Object][39m
    },
    group: [90mundefined[39m,
    stepId: [32m'pw:api@36'[39m,
    boxedStack: [90mundefined[39m,
    steps: [],
    attachmentIndices: [],
    info: TestStepInfoImpl {
      annotations: [],
      _testInfo: [36m[TestInfoImpl][39m,
      _stepId: [32m'pw:api@36'[39m,
      _title: [32m'Evaluate'[39m,
      _parentStep: [36m[TestStepInfoImpl][39m,
      skip: [36m[Function (anonymous)][39m
    },
    recoverFromStepError: [36m[AsyncFunction: recoverFromStepError][39m,
    complete: [36m[Function: complete][39m,
    endWallTime: [33m1758297042175[39m,
    error: {
      message: [32m"Error: page.evaluate: SecurityError: Failed to read the 'localStorage' property from 'Window': Access is denied for this document.\n"[39m +
        [32m'    at UtilityScript.evaluate (<anonymous>:293:16)\n'[39m +
        [32m'    at UtilityScript.<anonymous> (<anonymous>:1:44)'[39m,
      stack: [32m"Error: page.evaluate: SecurityError: Failed to read the 'localStorage' property from 'Window': Access is denied for this document.\n"[39m +
        [32m'    at UtilityScript.evaluate (<anonymous>:293:16)\n'[39m +
        [32m'    at UtilityScript.<anonymous> (<anonymous>:1:44)\n'[39m +
        [32m'    at UtilityScript.evaluate (<anonymous>:293:16)\n'[39m +
        [32m'    at UtilityScript.<anonymous> (<anonymous>:1:44)\n'[39m +
        [32m'    at Function.setLocalStorage (/Users/abm/Documents/projects/cross-pay/e2e/utils/test-utils.ts:39:18)\n'[39m +
        [32m'    at /Users/abm/Documents/projects/cross-pay/e2e/transactions.spec.ts:11:21'[39m,
      cause: [90mundefined[39m
    }
  }
}
]]>
</system-err>
</testcase>
<testcase name="Transactions Page › should handle empty state" classname="transactions.spec.ts" time="8.075">
<failure message="transactions.spec.ts:173:7 should handle empty state" type="FAILURE">
<![CDATA[  [Mobile Chrome] › transactions.spec.ts:173:7 › Transactions Page › should handle empty state ─────

    Error: expect(locator).toBeVisible() failed

    Locator:  locator('[data-testid="empty-state"]')
    Expected: visible
    Received: <element(s) not found>
    Timeout:  5000ms

    Call log:
      - Expect "toBeVisible" with timeout 5000ms
      - waiting for locator('[data-testid="empty-state"]')


      186 |     await TestUtils.waitForAngularToLoad(page);
      187 |     
    > 188 |     await expect(page.locator('[data-testid="empty-state"]')).toBeVisible();
          |                                                               ^
      189 |   });
      190 |
      191 |   test('should handle API errors', async ({ page }) => {
        at /Users/abm/Documents/projects/cross-pay/e2e/transactions.spec.ts:188:63

    attachment #1: screenshot (image/png) ──────────────────────────────────────────────────────────
    ../test-results/transactions-Transactions-Page-should-handle-empty-state-Mobile-Chrome/test-failed-1.png
    ────────────────────────────────────────────────────────────────────────────────────────────────

    attachment #2: video (video/webm) ──────────────────────────────────────────────────────────────
    ../test-results/transactions-Transactions-Page-should-handle-empty-state-Mobile-Chrome/video.webm
    ────────────────────────────────────────────────────────────────────────────────────────────────

    Error Context: ../test-results/transactions-Transactions-Page-should-handle-empty-state-Mobile-Chrome/error-context.md
]]>
</failure>
<system-out>
<![CDATA[
[[ATTACHMENT|test-results/transactions-Transactions-Page-should-handle-empty-state-Mobile-Chrome/test-failed-1.png]]

[[ATTACHMENT|test-results/transactions-Transactions-Page-should-handle-empty-state-Mobile-Chrome/video.webm]]

[[ATTACHMENT|test-results/transactions-Transactions-Page-should-handle-empty-state-Mobile-Chrome/error-context.md]]
]]>
</system-out>
<system-err>
<![CDATA[Could not set localStorage: page.evaluate: SecurityError: Failed to read the 'localStorage' property from 'Window': Access is denied for this document.
    at UtilityScript.evaluate (<anonymous>:293:16)
    at UtilityScript.<anonymous> (<anonymous>:1:44)
    at Function.setLocalStorage [90m(/Users/abm/Documents/projects/cross-pay/[39me2e/utils/test-utils.ts:39:18[90m)[39m
    at [90m/Users/abm/Documents/projects/cross-pay/[39me2e/transactions.spec.ts:11:21 {
  [[32mSymbol(step)[39m]: {
    location: {
      file: [32m'/Users/abm/Documents/projects/cross-pay/e2e/utils/test-utils.ts'[39m,
      line: [33m39[39m,
      column: [33m18[39m,
      function: [32m'Function.setLocalStorage'[39m
    },
    category: [32m'pw:api'[39m,
    title: [32m'Evaluate'[39m,
    apiName: [32m'page.evaluate'[39m,
    params: {
      expression: [32m'({\n'[39m +
        [32m'        key,\n'[39m +
        [32m'        value\n'[39m +
        [32m'      }) => {\n'[39m +
        [32m'        localStorage.setItem(key, JSON.stringify(value));\n'[39m +
        [32m'      }'[39m,
      isFunction: [33mtrue[39m,
      arg: [36m[Object][39m
    },
    group: [90mundefined[39m,
    stepId: [32m'pw:api@36'[39m,
    boxedStack: [90mundefined[39m,
    steps: [],
    attachmentIndices: [],
    info: TestStepInfoImpl {
      annotations: [],
      _testInfo: [36m[TestInfoImpl][39m,
      _stepId: [32m'pw:api@36'[39m,
      _title: [32m'Evaluate'[39m,
      _parentStep: [36m[TestStepInfoImpl][39m,
      skip: [36m[Function (anonymous)][39m
    },
    recoverFromStepError: [36m[AsyncFunction: recoverFromStepError][39m,
    complete: [36m[Function: complete][39m,
    endWallTime: [33m1758297049841[39m,
    error: {
      message: [32m"Error: page.evaluate: SecurityError: Failed to read the 'localStorage' property from 'Window': Access is denied for this document.\n"[39m +
        [32m'    at UtilityScript.evaluate (<anonymous>:293:16)\n'[39m +
        [32m'    at UtilityScript.<anonymous> (<anonymous>:1:44)'[39m,
      stack: [32m"Error: page.evaluate: SecurityError: Failed to read the 'localStorage' property from 'Window': Access is denied for this document.\n"[39m +
        [32m'    at UtilityScript.evaluate (<anonymous>:293:16)\n'[39m +
        [32m'    at UtilityScript.<anonymous> (<anonymous>:1:44)\n'[39m +
        [32m'    at UtilityScript.evaluate (<anonymous>:293:16)\n'[39m +
        [32m'    at UtilityScript.<anonymous> (<anonymous>:1:44)\n'[39m +
        [32m'    at Function.setLocalStorage (/Users/abm/Documents/projects/cross-pay/e2e/utils/test-utils.ts:39:18)\n'[39m +
        [32m'    at /Users/abm/Documents/projects/cross-pay/e2e/transactions.spec.ts:11:21'[39m,
      cause: [90mundefined[39m
    }
  }
}
]]>
</system-err>
</testcase>
<testcase name="Transactions Page › should handle API errors" classname="transactions.spec.ts" time="8.389">
<failure message="transactions.spec.ts:191:7 should handle API errors" type="FAILURE">
<![CDATA[  [Mobile Chrome] › transactions.spec.ts:191:7 › Transactions Page › should handle API errors ──────

    Error: expect(locator).toBeVisible() failed

    Locator:  locator('[data-testid="error-state"]')
    Expected: visible
    Received: <element(s) not found>
    Timeout:  5000ms

    Call log:
      - Expect "toBeVisible" with timeout 5000ms
      - waiting for locator('[data-testid="error-state"]')


      195 |     await TestUtils.waitForAngularToLoad(page);
      196 |     
    > 197 |     await expect(page.locator('[data-testid="error-state"]')).toBeVisible();
          |                                                               ^
      198 |   });
      199 | });
        at /Users/abm/Documents/projects/cross-pay/e2e/transactions.spec.ts:197:63

    attachment #1: screenshot (image/png) ──────────────────────────────────────────────────────────
    ../test-results/transactions-Transactions-Page-should-handle-API-errors-Mobile-Chrome/test-failed-1.png
    ────────────────────────────────────────────────────────────────────────────────────────────────

    attachment #2: video (video/webm) ──────────────────────────────────────────────────────────────
    ../test-results/transactions-Transactions-Page-should-handle-API-errors-Mobile-Chrome/video.webm
    ────────────────────────────────────────────────────────────────────────────────────────────────

    Error Context: ../test-results/transactions-Transactions-Page-should-handle-API-errors-Mobile-Chrome/error-context.md
]]>
</failure>
<system-out>
<![CDATA[
[[ATTACHMENT|test-results/transactions-Transactions-Page-should-handle-API-errors-Mobile-Chrome/test-failed-1.png]]

[[ATTACHMENT|test-results/transactions-Transactions-Page-should-handle-API-errors-Mobile-Chrome/video.webm]]

[[ATTACHMENT|test-results/transactions-Transactions-Page-should-handle-API-errors-Mobile-Chrome/error-context.md]]
]]>
</system-out>
<system-err>
<![CDATA[Could not set localStorage: page.evaluate: SecurityError: Failed to read the 'localStorage' property from 'Window': Access is denied for this document.
    at UtilityScript.evaluate (<anonymous>:293:16)
    at UtilityScript.<anonymous> (<anonymous>:1:44)
    at Function.setLocalStorage [90m(/Users/abm/Documents/projects/cross-pay/[39me2e/utils/test-utils.ts:39:18[90m)[39m
    at [90m/Users/abm/Documents/projects/cross-pay/[39me2e/transactions.spec.ts:11:21 {
  [[32mSymbol(step)[39m]: {
    location: {
      file: [32m'/Users/abm/Documents/projects/cross-pay/e2e/utils/test-utils.ts'[39m,
      line: [33m39[39m,
      column: [33m18[39m,
      function: [32m'Function.setLocalStorage'[39m
    },
    category: [32m'pw:api'[39m,
    title: [32m'Evaluate'[39m,
    apiName: [32m'page.evaluate'[39m,
    params: {
      expression: [32m'({\n'[39m +
        [32m'        key,\n'[39m +
        [32m'        value\n'[39m +
        [32m'      }) => {\n'[39m +
        [32m'        localStorage.setItem(key, JSON.stringify(value));\n'[39m +
        [32m'      }'[39m,
      isFunction: [33mtrue[39m,
      arg: [36m[Object][39m
    },
    group: [90mundefined[39m,
    stepId: [32m'pw:api@36'[39m,
    boxedStack: [90mundefined[39m,
    steps: [],
    attachmentIndices: [],
    info: TestStepInfoImpl {
      annotations: [],
      _testInfo: [36m[TestInfoImpl][39m,
      _stepId: [32m'pw:api@36'[39m,
      _title: [32m'Evaluate'[39m,
      _parentStep: [36m[TestStepInfoImpl][39m,
      skip: [36m[Function (anonymous)][39m
    },
    recoverFromStepError: [36m[AsyncFunction: recoverFromStepError][39m,
    complete: [36m[Function: complete][39m,
    endWallTime: [33m1758297058556[39m,
    error: {
      message: [32m"Error: page.evaluate: SecurityError: Failed to read the 'localStorage' property from 'Window': Access is denied for this document.\n"[39m +
        [32m'    at UtilityScript.evaluate (<anonymous>:293:16)\n'[39m +
        [32m'    at UtilityScript.<anonymous> (<anonymous>:1:44)'[39m,
      stack: [32m"Error: page.evaluate: SecurityError: Failed to read the 'localStorage' property from 'Window': Access is denied for this document.\n"[39m +
        [32m'    at UtilityScript.evaluate (<anonymous>:293:16)\n'[39m +
        [32m'    at UtilityScript.<anonymous> (<anonymous>:1:44)\n'[39m +
        [32m'    at UtilityScript.evaluate (<anonymous>:293:16)\n'[39m +
        [32m'    at UtilityScript.<anonymous> (<anonymous>:1:44)\n'[39m +
        [32m'    at Function.setLocalStorage (/Users/abm/Documents/projects/cross-pay/e2e/utils/test-utils.ts:39:18)\n'[39m +
        [32m'    at /Users/abm/Documents/projects/cross-pay/e2e/transactions.spec.ts:11:21'[39m,
      cause: [90mundefined[39m
    }
  }
}
]]>
</system-err>
</testcase>
</testsuite>
</testsuites>