<testsuites id="" name="" tests="96" failures="0" skipped="0" errors="0" time="119.34867700000001">
<testsuite name="basic-app.spec.ts" timestamp="2025-09-19T21:23:07.269Z" hostname="chromium" tests="6" failures="0" skipped="0" time="22.331" errors="0">
<testcase name="Basic App Functionality › should load the application" classname="basic-app.spec.ts" time="3.51">
</testcase>
<testcase name="Basic App Functionality › should display onboarding page" classname="basic-app.spec.ts" time="4.032">
</testcase>
<testcase name="Basic App Functionality › should handle navigation to dashboard (may redirect)" classname="basic-app.spec.ts" time="4.14">
</testcase>
<testcase name="Basic App Functionality › should handle navigation to transactions" classname="basic-app.spec.ts" time="3.986">
</testcase>
<testcase name="Basic App Functionality › should handle navigation to fx-analytics" classname="basic-app.spec.ts" time="3.665">
</testcase>
<testcase name="Basic App Functionality › should handle 404 pages gracefully" classname="basic-app.spec.ts" time="2.998">
</testcase>
</testsuite>
<testsuite name="comprehensive.spec.ts" timestamp="2025-09-19T21:23:07.269Z" hostname="chromium" tests="6" failures="0" skipped="0" time="22.616" errors="0">
<testcase name="Cross-Pay Application E2E Tests › should display the onboarding page with form elements" classname="comprehensive.spec.ts" time="2.733">
</testcase>
<testcase name="Cross-Pay Application E2E Tests › should have working navigation and routing" classname="comprehensive.spec.ts" time="5.489">
</testcase>
<testcase name="Cross-Pay Application E2E Tests › should be responsive and work on mobile viewport" classname="comprehensive.spec.ts" time="3.496">
</testcase>
<testcase name="Cross-Pay Application E2E Tests › should handle form interactions on onboarding page" classname="comprehensive.spec.ts" time="3.758">
</testcase>
<testcase name="Cross-Pay Application E2E Tests › should load without JavaScript errors" classname="comprehensive.spec.ts" time="3.948">
</testcase>
<testcase name="Cross-Pay Application E2E Tests › should have proper meta tags and title" classname="comprehensive.spec.ts" time="3.192">
</testcase>
</testsuite>
<testsuite name="dashboard.spec.ts" timestamp="2025-09-19T21:23:07.269Z" hostname="chromium" tests="4" failures="0" skipped="0" time="19.14" errors="0">
<testcase name="Dashboard Functionality › should display dashboard with user data" classname="dashboard.spec.ts" time="4.952">
</testcase>
<testcase name="Dashboard Functionality › should navigate to transactions page" classname="dashboard.spec.ts" time="4.748">
</testcase>
<testcase name="Dashboard Functionality › should navigate to fx analytics page" classname="dashboard.spec.ts" time="4.934">
</testcase>
<testcase name="Dashboard Functionality › should handle API errors gracefully" classname="dashboard.spec.ts" time="4.506">
</testcase>
</testsuite>
<testsuite name="fx-analytics.spec.ts" timestamp="2025-09-19T21:23:07.269Z" hostname="chromium" tests="5" failures="0" skipped="0" time="28.507" errors="0">
<testcase name="FX Analytics Page › should display FX analytics dashboard" classname="fx-analytics.spec.ts" time="5.668">
</testcase>
<testcase name="FX Analytics Page › should display current exchange rate" classname="fx-analytics.spec.ts" time="5.634">
</testcase>
<testcase name="FX Analytics Page › should change currency pair" classname="fx-analytics.spec.ts" time="6.585">
</testcase>
<testcase name="FX Analytics Page › should change time range" classname="fx-analytics.spec.ts" time="5.774">
</testcase>
<testcase name="FX Analytics Page › should handle API errors gracefully" classname="fx-analytics.spec.ts" time="4.846">
</testcase>
</testsuite>
<testsuite name="integration.spec.ts" timestamp="2025-09-19T21:23:07.269Z" hostname="chromium" tests="1" failures="0" skipped="0" time="3.678" errors="0">
<testcase name="End-to-End User Journey › should work across different browsers and screen sizes" classname="integration.spec.ts" time="3.678">
</testcase>
</testsuite>
<testsuite name="onboarding.spec.ts" timestamp="2025-09-19T21:23:07.269Z" hostname="chromium" tests="3" failures="0" skipped="0" time="8.276" errors="0">
<testcase name="Onboarding Flow › should display onboarding page correctly" classname="onboarding.spec.ts" time="2.161">
</testcase>
<testcase name="Onboarding Flow › should complete successful onboarding flow" classname="onboarding.spec.ts" time="3">
</testcase>
<testcase name="Onboarding Flow › should work with different email formats" classname="onboarding.spec.ts" time="3.115">
</testcase>
</testsuite>
<testsuite name="performance.spec.ts" timestamp="2025-09-19T21:23:07.269Z" hostname="chromium" tests="6" failures="0" skipped="0" time="22.456" errors="0">
<testcase name="Performance and Accessibility Tests › should load pages within acceptable time limits" classname="performance.spec.ts" time="6.418">
<system-out>
<![CDATA[Route / loaded in 1753ms
Route /get-started loaded in 1463ms
Route /dashboard loaded in 693ms
Route /dashboard/transactions loaded in 616ms
Route /dashboard/fx-analytics loaded in 768ms
]]>
</system-out>
</testcase>
<testcase name="Performance and Accessibility Tests › should have good Core Web Vitals performance" classname="performance.spec.ts" time="2.527">
</testcase>
<testcase name="Performance and Accessibility Tests › should handle concurrent user sessions" classname="performance.spec.ts" time="2.293">
</testcase>
<testcase name="Performance and Accessibility Tests › should work with slow network conditions" classname="performance.spec.ts" time="3.638">
<system-out>
<![CDATA[Slow network load time: 2421ms
]]>
</system-out>
</testcase>
<testcase name="Performance and Accessibility Tests › should handle page reload gracefully" classname="performance.spec.ts" time="3.89">
</testcase>
<testcase name="Performance and Accessibility Tests › should be accessible with keyboard navigation" classname="performance.spec.ts" time="3.69">
</testcase>
</testsuite>
<testsuite name="transactions.spec.ts" timestamp="2025-09-19T21:23:07.269Z" hostname="chromium" tests="1" failures="0" skipped="0" time="3.185" errors="0">
<testcase name="Transactions Page › should display transactions table" classname="transactions.spec.ts" time="3.185">
</testcase>
</testsuite>
<testsuite name="basic-app.spec.ts" timestamp="2025-09-19T21:23:07.269Z" hostname="firefox" tests="6" failures="0" skipped="0" time="37.903" errors="0">
<testcase name="Basic App Functionality › should load the application" classname="basic-app.spec.ts" time="4.975">
</testcase>
<testcase name="Basic App Functionality › should display onboarding page" classname="basic-app.spec.ts" time="7.857">
</testcase>
<testcase name="Basic App Functionality › should handle navigation to dashboard (may redirect)" classname="basic-app.spec.ts" time="6.706">
</testcase>
<testcase name="Basic App Functionality › should handle navigation to transactions" classname="basic-app.spec.ts" time="7.47">
</testcase>
<testcase name="Basic App Functionality › should handle navigation to fx-analytics" classname="basic-app.spec.ts" time="6.007">
</testcase>
<testcase name="Basic App Functionality › should handle 404 pages gracefully" classname="basic-app.spec.ts" time="4.888">
</testcase>
</testsuite>
<testsuite name="comprehensive.spec.ts" timestamp="2025-09-19T21:23:07.269Z" hostname="firefox" tests="6" failures="0" skipped="0" time="30.698" errors="0">
<testcase name="Cross-Pay Application E2E Tests › should display the onboarding page with form elements" classname="comprehensive.spec.ts" time="3.35">
</testcase>
<testcase name="Cross-Pay Application E2E Tests › should have working navigation and routing" classname="comprehensive.spec.ts" time="7.513">
</testcase>
<testcase name="Cross-Pay Application E2E Tests › should be responsive and work on mobile viewport" classname="comprehensive.spec.ts" time="4.376">
</testcase>
<testcase name="Cross-Pay Application E2E Tests › should handle form interactions on onboarding page" classname="comprehensive.spec.ts" time="4.741">
</testcase>
<testcase name="Cross-Pay Application E2E Tests › should load without JavaScript errors" classname="comprehensive.spec.ts" time="6.151">
</testcase>
<testcase name="Cross-Pay Application E2E Tests › should have proper meta tags and title" classname="comprehensive.spec.ts" time="4.567">
</testcase>
</testsuite>
<testsuite name="dashboard.spec.ts" timestamp="2025-09-19T21:23:07.269Z" hostname="firefox" tests="4" failures="0" skipped="0" time="23.087" errors="0">
<testcase name="Dashboard Functionality › should display dashboard with user data" classname="dashboard.spec.ts" time="5.801">
</testcase>
<testcase name="Dashboard Functionality › should navigate to transactions page" classname="dashboard.spec.ts" time="5.897">
</testcase>
<testcase name="Dashboard Functionality › should navigate to fx analytics page" classname="dashboard.spec.ts" time="5.722">
</testcase>
<testcase name="Dashboard Functionality › should handle API errors gracefully" classname="dashboard.spec.ts" time="5.667">
</testcase>
</testsuite>
<testsuite name="fx-analytics.spec.ts" timestamp="2025-09-19T21:23:07.269Z" hostname="firefox" tests="5" failures="0" skipped="0" time="32.104" errors="0">
<testcase name="FX Analytics Page › should display FX analytics dashboard" classname="fx-analytics.spec.ts" time="6.128">
</testcase>
<testcase name="FX Analytics Page › should display current exchange rate" classname="fx-analytics.spec.ts" time="6.192">
</testcase>
<testcase name="FX Analytics Page › should change currency pair" classname="fx-analytics.spec.ts" time="6.801">
</testcase>
<testcase name="FX Analytics Page › should change time range" classname="fx-analytics.spec.ts" time="6.701">
</testcase>
<testcase name="FX Analytics Page › should handle API errors gracefully" classname="fx-analytics.spec.ts" time="6.282">
</testcase>
</testsuite>
<testsuite name="integration.spec.ts" timestamp="2025-09-19T21:23:07.269Z" hostname="firefox" tests="1" failures="0" skipped="0" time="5.113" errors="0">
<testcase name="End-to-End User Journey › should work across different browsers and screen sizes" classname="integration.spec.ts" time="5.113">
</testcase>
</testsuite>
<testsuite name="onboarding.spec.ts" timestamp="2025-09-19T21:23:07.269Z" hostname="firefox" tests="3" failures="0" skipped="0" time="11.621" errors="0">
<testcase name="Onboarding Flow › should display onboarding page correctly" classname="onboarding.spec.ts" time="3.025">
</testcase>
<testcase name="Onboarding Flow › should complete successful onboarding flow" classname="onboarding.spec.ts" time="4.105">
</testcase>
<testcase name="Onboarding Flow › should work with different email formats" classname="onboarding.spec.ts" time="4.491">
</testcase>
</testsuite>
<testsuite name="performance.spec.ts" timestamp="2025-09-19T21:23:07.269Z" hostname="firefox" tests="6" failures="0" skipped="0" time="32.112" errors="0">
<testcase name="Performance and Accessibility Tests › should load pages within acceptable time limits" classname="performance.spec.ts" time="9.166">
<system-out>
<![CDATA[Route / loaded in 2011ms
Route /get-started loaded in 1675ms
Route /dashboard loaded in 1587ms
Route /dashboard/transactions loaded in 1728ms
Route /dashboard/fx-analytics loaded in 1152ms
]]>
</system-out>
</testcase>
<testcase name="Performance and Accessibility Tests › should have good Core Web Vitals performance" classname="performance.spec.ts" time="2.913">
</testcase>
<testcase name="Performance and Accessibility Tests › should handle concurrent user sessions" classname="performance.spec.ts" time="5.403">
</testcase>
<testcase name="Performance and Accessibility Tests › should work with slow network conditions" classname="performance.spec.ts" time="4.556">
<system-out>
<![CDATA[Slow network load time: 2885ms
]]>
</system-out>
</testcase>
<testcase name="Performance and Accessibility Tests › should handle page reload gracefully" classname="performance.spec.ts" time="6.075">
</testcase>
<testcase name="Performance and Accessibility Tests › should be accessible with keyboard navigation" classname="performance.spec.ts" time="3.999">
</testcase>
</testsuite>
<testsuite name="transactions.spec.ts" timestamp="2025-09-19T21:23:07.269Z" hostname="firefox" tests="1" failures="0" skipped="0" time="5.005" errors="0">
<testcase name="Transactions Page › should display transactions table" classname="transactions.spec.ts" time="5.005">
</testcase>
</testsuite>
<testsuite name="basic-app.spec.ts" timestamp="2025-09-19T21:23:07.269Z" hostname="Mobile Chrome" tests="6" failures="0" skipped="0" time="15.363" errors="0">
<testcase name="Basic App Functionality › should load the application" classname="basic-app.spec.ts" time="2.288">
</testcase>
<testcase name="Basic App Functionality › should display onboarding page" classname="basic-app.spec.ts" time="2.776">
</testcase>
<testcase name="Basic App Functionality › should handle navigation to dashboard (may redirect)" classname="basic-app.spec.ts" time="2.72">
</testcase>
<testcase name="Basic App Functionality › should handle navigation to transactions" classname="basic-app.spec.ts" time="2.607">
</testcase>
<testcase name="Basic App Functionality › should handle navigation to fx-analytics" classname="basic-app.spec.ts" time="2.542">
</testcase>
<testcase name="Basic App Functionality › should handle 404 pages gracefully" classname="basic-app.spec.ts" time="2.43">
</testcase>
</testsuite>
<testsuite name="comprehensive.spec.ts" timestamp="2025-09-19T21:23:07.269Z" hostname="Mobile Chrome" tests="6" failures="0" skipped="0" time="17.247" errors="0">
<testcase name="Cross-Pay Application E2E Tests › should display the onboarding page with form elements" classname="comprehensive.spec.ts" time="1.964">
</testcase>
<testcase name="Cross-Pay Application E2E Tests › should have working navigation and routing" classname="comprehensive.spec.ts" time="3.971">
</testcase>
<testcase name="Cross-Pay Application E2E Tests › should be responsive and work on mobile viewport" classname="comprehensive.spec.ts" time="2.525">
</testcase>
<testcase name="Cross-Pay Application E2E Tests › should handle form interactions on onboarding page" classname="comprehensive.spec.ts" time="2.73">
</testcase>
<testcase name="Cross-Pay Application E2E Tests › should load without JavaScript errors" classname="comprehensive.spec.ts" time="3.281">
</testcase>
<testcase name="Cross-Pay Application E2E Tests › should have proper meta tags and title" classname="comprehensive.spec.ts" time="2.776">
</testcase>
</testsuite>
<testsuite name="dashboard.spec.ts" timestamp="2025-09-19T21:23:07.269Z" hostname="Mobile Chrome" tests="4" failures="0" skipped="0" time="13.804" errors="0">
<testcase name="Dashboard Functionality › should display dashboard with user data" classname="dashboard.spec.ts" time="3.207">
</testcase>
<testcase name="Dashboard Functionality › should navigate to transactions page" classname="dashboard.spec.ts" time="3.804">
</testcase>
<testcase name="Dashboard Functionality › should navigate to fx analytics page" classname="dashboard.spec.ts" time="3.798">
</testcase>
<testcase name="Dashboard Functionality › should handle API errors gracefully" classname="dashboard.spec.ts" time="2.995">
</testcase>
</testsuite>
<testsuite name="fx-analytics.spec.ts" timestamp="2025-09-19T21:23:07.269Z" hostname="Mobile Chrome" tests="5" failures="0" skipped="0" time="19.681" errors="0">
<testcase name="FX Analytics Page › should display FX analytics dashboard" classname="fx-analytics.spec.ts" time="4.074">
</testcase>
<testcase name="FX Analytics Page › should display current exchange rate" classname="fx-analytics.spec.ts" time="3.737">
</testcase>
<testcase name="FX Analytics Page › should change currency pair" classname="fx-analytics.spec.ts" time="4.01">
</testcase>
<testcase name="FX Analytics Page › should change time range" classname="fx-analytics.spec.ts" time="3.991">
</testcase>
<testcase name="FX Analytics Page › should handle API errors gracefully" classname="fx-analytics.spec.ts" time="3.869">
</testcase>
</testsuite>
<testsuite name="integration.spec.ts" timestamp="2025-09-19T21:23:07.269Z" hostname="Mobile Chrome" tests="1" failures="0" skipped="0" time="3.707" errors="0">
<testcase name="End-to-End User Journey › should work across different browsers and screen sizes" classname="integration.spec.ts" time="3.707">
</testcase>
</testsuite>
<testsuite name="onboarding.spec.ts" timestamp="2025-09-19T21:23:07.269Z" hostname="Mobile Chrome" tests="3" failures="0" skipped="0" time="6.867" errors="0">
<testcase name="Onboarding Flow › should display onboarding page correctly" classname="onboarding.spec.ts" time="1.99">
</testcase>
<testcase name="Onboarding Flow › should complete successful onboarding flow" classname="onboarding.spec.ts" time="2.677">
</testcase>
<testcase name="Onboarding Flow › should work with different email formats" classname="onboarding.spec.ts" time="2.2">
</testcase>
</testsuite>
<testsuite name="performance.spec.ts" timestamp="2025-09-19T21:23:07.269Z" hostname="Mobile Chrome" tests="6" failures="0" skipped="0" time="15.572" errors="0">
<testcase name="Performance and Accessibility Tests › should load pages within acceptable time limits" classname="performance.spec.ts" time="4.346">
<system-out>
<![CDATA[Route / loaded in 1713ms
Route /get-started loaded in 620ms
Route /dashboard loaded in 592ms
Route /dashboard/transactions loaded in 587ms
Route /dashboard/fx-analytics loaded in 589ms
]]>
</system-out>
</testcase>
<testcase name="Performance and Accessibility Tests › should have good Core Web Vitals performance" classname="performance.spec.ts" time="1.925">
</testcase>
<testcase name="Performance and Accessibility Tests › should handle concurrent user sessions" classname="performance.spec.ts" time="1.716">
</testcase>
<testcase name="Performance and Accessibility Tests › should work with slow network conditions" classname="performance.spec.ts" time="2.314">
<system-out>
<![CDATA[Slow network load time: 2098ms
]]>
</system-out>
</testcase>
<testcase name="Performance and Accessibility Tests › should handle page reload gracefully" classname="performance.spec.ts" time="2.524">
</testcase>
<testcase name="Performance and Accessibility Tests › should be accessible with keyboard navigation" classname="performance.spec.ts" time="2.747">
</testcase>
</testsuite>
<testsuite name="transactions.spec.ts" timestamp="2025-09-19T21:23:07.269Z" hostname="Mobile Chrome" tests="1" failures="0" skipped="0" time="2.92" errors="0">
<testcase name="Transactions Page › should display transactions table" classname="transactions.spec.ts" time="2.92">
</testcase>
</testsuite>
</testsuites>