<testsuites id="" name="" tests="105" failures="4" skipped="0" errors="0" time="152.10467300000002">
<testsuite name="basic-app.spec.ts" timestamp="2025-09-19T21:04:57.411Z" hostname="chromium" tests="6" failures="0" skipped="0" time="24.207" errors="0">
<testcase name="Basic App Functionality › should load the application" classname="basic-app.spec.ts" time="3.503">
</testcase>
<testcase name="Basic App Functionality › should display onboarding page" classname="basic-app.spec.ts" time="4.182">
</testcase>
<testcase name="Basic App Functionality › should handle navigation to dashboard (may redirect)" classname="basic-app.spec.ts" time="4.079">
</testcase>
<testcase name="Basic App Functionality › should handle navigation to transactions" classname="basic-app.spec.ts" time="4.175">
</testcase>
<testcase name="Basic App Functionality › should handle navigation to fx-analytics" classname="basic-app.spec.ts" time="4.475">
</testcase>
<testcase name="Basic App Functionality › should handle 404 pages gracefully" classname="basic-app.spec.ts" time="3.793">
</testcase>
</testsuite>
<testsuite name="comprehensive.spec.ts" timestamp="2025-09-19T21:04:57.411Z" hostname="chromium" tests="6" failures="0" skipped="0" time="24.423" errors="0">
<testcase name="Cross-Pay Application E2E Tests › should display the onboarding page with form elements" classname="comprehensive.spec.ts" time="3.164">
</testcase>
<testcase name="Cross-Pay Application E2E Tests › should have working navigation and routing" classname="comprehensive.spec.ts" time="6.362">
</testcase>
<testcase name="Cross-Pay Application E2E Tests › should be responsive and work on mobile viewport" classname="comprehensive.spec.ts" time="3.704">
</testcase>
<testcase name="Cross-Pay Application E2E Tests › should handle form interactions on onboarding page" classname="comprehensive.spec.ts" time="3.838">
</testcase>
<testcase name="Cross-Pay Application E2E Tests › should load without JavaScript errors" classname="comprehensive.spec.ts" time="4.044">
</testcase>
<testcase name="Cross-Pay Application E2E Tests › should have proper meta tags and title" classname="comprehensive.spec.ts" time="3.311">
</testcase>
</testsuite>
<testsuite name="dashboard.spec.ts" timestamp="2025-09-19T21:04:57.411Z" hostname="chromium" tests="5" failures="0" skipped="0" time="20.407" errors="0">
<testcase name="Dashboard Functionality › should display dashboard with user data" classname="dashboard.spec.ts" time="4.535">
</testcase>
<testcase name="Dashboard Functionality › should navigate to transactions page" classname="dashboard.spec.ts" time="4.277">
</testcase>
<testcase name="Dashboard Functionality › should navigate to fx analytics page" classname="dashboard.spec.ts" time="4.057">
</testcase>
<testcase name="Dashboard Functionality › should display recent transactions" classname="dashboard.spec.ts" time="3.735">
<system-err>
<![CDATA[verifyRecentTransactions: Recent transactions are not displayed on the current dashboard
]]>
</system-err>
</testcase>
<testcase name="Dashboard Functionality › should handle API errors gracefully" classname="dashboard.spec.ts" time="3.803">
</testcase>
</testsuite>
<testsuite name="fx-analytics.spec.ts" timestamp="2025-09-19T21:04:57.411Z" hostname="chromium" tests="5" failures="0" skipped="0" time="31.605" errors="0">
<testcase name="FX Analytics Page › should display FX analytics dashboard" classname="fx-analytics.spec.ts" time="5.999">
</testcase>
<testcase name="FX Analytics Page › should display current exchange rate" classname="fx-analytics.spec.ts" time="5.804">
</testcase>
<testcase name="FX Analytics Page › should change currency pair" classname="fx-analytics.spec.ts" time="5.239">
</testcase>
<testcase name="FX Analytics Page › should change time range" classname="fx-analytics.spec.ts" time="6.924">
</testcase>
<testcase name="FX Analytics Page › should handle API errors gracefully" classname="fx-analytics.spec.ts" time="7.639">
</testcase>
</testsuite>
<testsuite name="integration.spec.ts" timestamp="2025-09-19T21:04:57.411Z" hostname="chromium" tests="1" failures="0" skipped="0" time="4.911" errors="0">
<testcase name="End-to-End User Journey › should work across different browsers and screen sizes" classname="integration.spec.ts" time="4.911">
</testcase>
</testsuite>
<testsuite name="onboarding.spec.ts" timestamp="2025-09-19T21:04:57.411Z" hostname="chromium" tests="4" failures="0" skipped="0" time="16.795" errors="0">
<testcase name="Onboarding Flow › should display onboarding page correctly" classname="onboarding.spec.ts" time="3.302">
</testcase>
<testcase name="Onboarding Flow › should complete successful onboarding flow" classname="onboarding.spec.ts" time="4.644">
</testcase>
<testcase name="Onboarding Flow › should preserve email value on reload" classname="onboarding.spec.ts" time="4.644">
<system-out>
<![CDATA[Email preservation test - current value: 
]]>
</system-out>
</testcase>
<testcase name="Onboarding Flow › should work with different email formats" classname="onboarding.spec.ts" time="4.205">
</testcase>
</testsuite>
<testsuite name="performance.spec.ts" timestamp="2025-09-19T21:04:57.411Z" hostname="chromium" tests="6" failures="0" skipped="0" time="24.86" errors="0">
<testcase name="Performance and Accessibility Tests › should load pages within acceptable time limits" classname="performance.spec.ts" time="7.145">
<system-out>
<![CDATA[Route / loaded in 2269ms
Route /get-started loaded in 1143ms
Route /dashboard loaded in 678ms
Route /dashboard/transactions loaded in 825ms
Route /dashboard/fx-analytics loaded in 759ms
]]>
</system-out>
</testcase>
<testcase name="Performance and Accessibility Tests › should have good Core Web Vitals performance" classname="performance.spec.ts" time="2.583">
</testcase>
<testcase name="Performance and Accessibility Tests › should handle concurrent user sessions" classname="performance.spec.ts" time="4.017">
</testcase>
<testcase name="Performance and Accessibility Tests › should work with slow network conditions" classname="performance.spec.ts" time="4.137">
<system-out>
<![CDATA[Slow network load time: 2947ms
]]>
</system-out>
</testcase>
<testcase name="Performance and Accessibility Tests › should handle page reload gracefully" classname="performance.spec.ts" time="3.713">
</testcase>
<testcase name="Performance and Accessibility Tests › should be accessible with keyboard navigation" classname="performance.spec.ts" time="3.265">
</testcase>
</testsuite>
<testsuite name="transactions.spec.ts" timestamp="2025-09-19T21:04:57.411Z" hostname="chromium" tests="2" failures="1" skipped="0" time="12.391" errors="0">
<testcase name="Transactions Page › should display transactions table" classname="transactions.spec.ts" time="3.479">
</testcase>
<testcase name="Transactions Page › should display transaction details correctly" classname="transactions.spec.ts" time="8.912">
<failure message="transactions.spec.ts:93:7 should display transaction details correctly" type="FAILURE">
<![CDATA[  [chromium] › transactions.spec.ts:93:7 › Transactions Page › should display transaction details correctly 

    Error: expect(locator).toContainText(expected) failed

    Locator: locator('app-data-table tbody tr:nth-child(1)').locator('td:nth-child(3)')
    Expected string: "100"
    Received: <element(s) not found>
    Timeout: 5000ms

    Call log:
      - Expect "toContainText" with timeout 5000ms
      - waiting for locator('app-data-table tbody tr:nth-child(1)').locator('td:nth-child(3)')
        3 × locator resolved to <td class="px-6 py-4 whitespace-nowrap text-sm text-gray-900">…</td>
          - unexpected value ""


       at pages/transactions.page.ts:58

      56 |     if (details.amount) {
      57 |       const amountCell = transaction.locator('td:nth-child(3)');
    > 58 |       await expect(amountCell).toContainText(details.amount);
         |                                ^
      59 |     }
      60 |     
      61 |     if (details.type) {
        at TransactionsPage.expectTransactionDetails (/Users/abm/Documents/projects/cross-pay/e2e/pages/transactions.page.ts:58:32)
        at /Users/abm/Documents/projects/cross-pay/e2e/transactions.spec.ts:94:28

    attachment #1: screenshot (image/png) ──────────────────────────────────────────────────────────
    ../test-results/transactions-Transactions--e9116-ansaction-details-correctly-chromium/test-failed-1.png
    ────────────────────────────────────────────────────────────────────────────────────────────────

    attachment #2: video (video/webm) ──────────────────────────────────────────────────────────────
    ../test-results/transactions-Transactions--e9116-ansaction-details-correctly-chromium/video.webm
    ────────────────────────────────────────────────────────────────────────────────────────────────

    Error Context: ../test-results/transactions-Transactions--e9116-ansaction-details-correctly-chromium/error-context.md
]]>
</failure>
<system-out>
<![CDATA[
[[ATTACHMENT|test-results/transactions-Transactions--e9116-ansaction-details-correctly-chromium/test-failed-1.png]]

[[ATTACHMENT|test-results/transactions-Transactions--e9116-ansaction-details-correctly-chromium/video.webm]]

[[ATTACHMENT|test-results/transactions-Transactions--e9116-ansaction-details-correctly-chromium/error-context.md]]
]]>
</system-out>
</testcase>
</testsuite>
<testsuite name="basic-app.spec.ts" timestamp="2025-09-19T21:04:57.411Z" hostname="firefox" tests="6" failures="0" skipped="0" time="33.746" errors="0">
<testcase name="Basic App Functionality › should load the application" classname="basic-app.spec.ts" time="4.446">
</testcase>
<testcase name="Basic App Functionality › should display onboarding page" classname="basic-app.spec.ts" time="6.16">
</testcase>
<testcase name="Basic App Functionality › should handle navigation to dashboard (may redirect)" classname="basic-app.spec.ts" time="6.328">
</testcase>
<testcase name="Basic App Functionality › should handle navigation to transactions" classname="basic-app.spec.ts" time="4.309">
</testcase>
<testcase name="Basic App Functionality › should handle navigation to fx-analytics" classname="basic-app.spec.ts" time="8.156">
</testcase>
<testcase name="Basic App Functionality › should handle 404 pages gracefully" classname="basic-app.spec.ts" time="4.347">
</testcase>
</testsuite>
<testsuite name="comprehensive.spec.ts" timestamp="2025-09-19T21:04:57.411Z" hostname="firefox" tests="6" failures="0" skipped="0" time="28.14" errors="0">
<testcase name="Cross-Pay Application E2E Tests › should display the onboarding page with form elements" classname="comprehensive.spec.ts" time="3.338">
</testcase>
<testcase name="Cross-Pay Application E2E Tests › should have working navigation and routing" classname="comprehensive.spec.ts" time="6.733">
</testcase>
<testcase name="Cross-Pay Application E2E Tests › should be responsive and work on mobile viewport" classname="comprehensive.spec.ts" time="4.226">
</testcase>
<testcase name="Cross-Pay Application E2E Tests › should handle form interactions on onboarding page" classname="comprehensive.spec.ts" time="3.989">
</testcase>
<testcase name="Cross-Pay Application E2E Tests › should load without JavaScript errors" classname="comprehensive.spec.ts" time="5.531">
</testcase>
<testcase name="Cross-Pay Application E2E Tests › should have proper meta tags and title" classname="comprehensive.spec.ts" time="4.323">
</testcase>
</testsuite>
<testsuite name="dashboard.spec.ts" timestamp="2025-09-19T21:04:57.411Z" hostname="firefox" tests="5" failures="0" skipped="0" time="31.142" errors="0">
<testcase name="Dashboard Functionality › should display dashboard with user data" classname="dashboard.spec.ts" time="5.781">
</testcase>
<testcase name="Dashboard Functionality › should navigate to transactions page" classname="dashboard.spec.ts" time="6.27">
</testcase>
<testcase name="Dashboard Functionality › should navigate to fx analytics page" classname="dashboard.spec.ts" time="6.919">
</testcase>
<testcase name="Dashboard Functionality › should display recent transactions" classname="dashboard.spec.ts" time="6.281">
<system-err>
<![CDATA[verifyRecentTransactions: Recent transactions are not displayed on the current dashboard
]]>
</system-err>
</testcase>
<testcase name="Dashboard Functionality › should handle API errors gracefully" classname="dashboard.spec.ts" time="5.891">
</testcase>
</testsuite>
<testsuite name="fx-analytics.spec.ts" timestamp="2025-09-19T21:04:57.411Z" hostname="firefox" tests="5" failures="0" skipped="0" time="33.316" errors="0">
<testcase name="FX Analytics Page › should display FX analytics dashboard" classname="fx-analytics.spec.ts" time="6.764">
</testcase>
<testcase name="FX Analytics Page › should display current exchange rate" classname="fx-analytics.spec.ts" time="6.488">
</testcase>
<testcase name="FX Analytics Page › should change currency pair" classname="fx-analytics.spec.ts" time="7.191">
</testcase>
<testcase name="FX Analytics Page › should change time range" classname="fx-analytics.spec.ts" time="7.16">
</testcase>
<testcase name="FX Analytics Page › should handle API errors gracefully" classname="fx-analytics.spec.ts" time="5.713">
</testcase>
</testsuite>
<testsuite name="integration.spec.ts" timestamp="2025-09-19T21:04:57.411Z" hostname="firefox" tests="1" failures="0" skipped="0" time="4.674" errors="0">
<testcase name="End-to-End User Journey › should work across different browsers and screen sizes" classname="integration.spec.ts" time="4.674">
</testcase>
</testsuite>
<testsuite name="onboarding.spec.ts" timestamp="2025-09-19T21:04:57.411Z" hostname="firefox" tests="4" failures="0" skipped="0" time="16.088" errors="0">
<testcase name="Onboarding Flow › should display onboarding page correctly" classname="onboarding.spec.ts" time="2.895">
</testcase>
<testcase name="Onboarding Flow › should complete successful onboarding flow" classname="onboarding.spec.ts" time="3.463">
</testcase>
<testcase name="Onboarding Flow › should preserve email value on reload" classname="onboarding.spec.ts" time="5.712">
<system-out>
<![CDATA[Email preservation test - current value: 
]]>
</system-out>
</testcase>
<testcase name="Onboarding Flow › should work with different email formats" classname="onboarding.spec.ts" time="4.018">
</testcase>
</testsuite>
<testsuite name="performance.spec.ts" timestamp="2025-09-19T21:04:57.411Z" hostname="firefox" tests="6" failures="1" skipped="0" time="66.143" errors="0">
<testcase name="Performance and Accessibility Tests › should load pages within acceptable time limits" classname="performance.spec.ts" time="10.232">
<system-out>
<![CDATA[Route / loaded in 2091ms
Route /get-started loaded in 1343ms
Route /dashboard loaded in 1442ms
Route /dashboard/transactions loaded in 2085ms
Route /dashboard/fx-analytics loaded in 2398ms
]]>
</system-out>
</testcase>
<testcase name="Performance and Accessibility Tests › should have good Core Web Vitals performance" classname="performance.spec.ts" time="3.156">
</testcase>
<testcase name="Performance and Accessibility Tests › should handle concurrent user sessions" classname="performance.spec.ts" time="36.025">
<failure message="performance.spec.ts:46:7 should handle concurrent user sessions" type="FAILURE">
<![CDATA[  [firefox] › performance.spec.ts:46:7 › Performance and Accessibility Tests › should handle concurrent user sessions 

    TimeoutError: page.waitForLoadState: Timeout 30000ms exceeded.

      55 |     await Promise.all(pages.map((page) => page.goto('/get-started')));
      56 |
    > 57 |     await Promise.all(pages.map((page) => page.waitForLoadState('networkidle')));
         |                                                ^
      58 |
      59 |     for (const page of pages) {
      60 |       await expect(page.locator('app-root')).toBeVisible();
        at map (/Users/abm/Documents/projects/cross-pay/e2e/performance.spec.ts:57:48)
        at /Users/abm/Documents/projects/cross-pay/e2e/performance.spec.ts:57:29

    attachment #1: screenshot (image/png) ──────────────────────────────────────────────────────────
    ../test-results/performance-Performance-an-f4cf5-le-concurrent-user-sessions-firefox/test-failed-2.png
    ────────────────────────────────────────────────────────────────────────────────────────────────

    attachment #2: screenshot (image/png) ──────────────────────────────────────────────────────────
    ../test-results/performance-Performance-an-f4cf5-le-concurrent-user-sessions-firefox/test-failed-3.png
    ────────────────────────────────────────────────────────────────────────────────────────────────

    attachment #3: screenshot (image/png) ──────────────────────────────────────────────────────────
    ../test-results/performance-Performance-an-f4cf5-le-concurrent-user-sessions-firefox/test-failed-1.png
    ────────────────────────────────────────────────────────────────────────────────────────────────

    Error Context: ../test-results/performance-Performance-an-f4cf5-le-concurrent-user-sessions-firefox/error-context.md
]]>
</failure>
<system-out>
<![CDATA[
[[ATTACHMENT|test-results/performance-Performance-an-f4cf5-le-concurrent-user-sessions-firefox/test-failed-2.png]]

[[ATTACHMENT|test-results/performance-Performance-an-f4cf5-le-concurrent-user-sessions-firefox/test-failed-3.png]]

[[ATTACHMENT|test-results/performance-Performance-an-f4cf5-le-concurrent-user-sessions-firefox/test-failed-1.png]]

[[ATTACHMENT|test-results/performance-Performance-an-f4cf5-le-concurrent-user-sessions-firefox/error-context.md]]
]]>
</system-out>
</testcase>
<testcase name="Performance and Accessibility Tests › should work with slow network conditions" classname="performance.spec.ts" time="5.226">
<system-out>
<![CDATA[Slow network load time: 3156ms
]]>
</system-out>
</testcase>
<testcase name="Performance and Accessibility Tests › should handle page reload gracefully" classname="performance.spec.ts" time="6.783">
</testcase>
<testcase name="Performance and Accessibility Tests › should be accessible with keyboard navigation" classname="performance.spec.ts" time="4.721">
</testcase>
</testsuite>
<testsuite name="transactions.spec.ts" timestamp="2025-09-19T21:04:57.411Z" hostname="firefox" tests="2" failures="1" skipped="0" time="14.917" errors="0">
<testcase name="Transactions Page › should display transactions table" classname="transactions.spec.ts" time="5.193">
</testcase>
<testcase name="Transactions Page › should display transaction details correctly" classname="transactions.spec.ts" time="9.724">
<failure message="transactions.spec.ts:93:7 should display transaction details correctly" type="FAILURE">
<![CDATA[  [firefox] › transactions.spec.ts:93:7 › Transactions Page › should display transaction details correctly 

    Error: expect(locator).toContainText(expected) failed

    Locator: locator('app-data-table tbody tr:nth-child(1)').locator('td:nth-child(3)')
    Expected string: "100"
    Received: <element(s) not found>
    Timeout: 5000ms

    Call log:
      - Expect "toContainText" with timeout 5000ms
      - waiting for locator('app-data-table tbody tr:nth-child(1)').locator('td:nth-child(3)')
        2 × locator resolved to <td class="px-6 py-4 whitespace-nowrap text-sm text-gray-900">…</td>
          - unexpected value ""


       at pages/transactions.page.ts:58

      56 |     if (details.amount) {
      57 |       const amountCell = transaction.locator('td:nth-child(3)');
    > 58 |       await expect(amountCell).toContainText(details.amount);
         |                                ^
      59 |     }
      60 |     
      61 |     if (details.type) {
        at TransactionsPage.expectTransactionDetails (/Users/abm/Documents/projects/cross-pay/e2e/pages/transactions.page.ts:58:32)
        at /Users/abm/Documents/projects/cross-pay/e2e/transactions.spec.ts:94:28

    attachment #1: screenshot (image/png) ──────────────────────────────────────────────────────────
    ../test-results/transactions-Transactions--e9116-ansaction-details-correctly-firefox/test-failed-1.png
    ────────────────────────────────────────────────────────────────────────────────────────────────

    attachment #2: video (video/webm) ──────────────────────────────────────────────────────────────
    ../test-results/transactions-Transactions--e9116-ansaction-details-correctly-firefox/video.webm
    ────────────────────────────────────────────────────────────────────────────────────────────────

    Error Context: ../test-results/transactions-Transactions--e9116-ansaction-details-correctly-firefox/error-context.md
]]>
</failure>
<system-out>
<![CDATA[
[[ATTACHMENT|test-results/transactions-Transactions--e9116-ansaction-details-correctly-firefox/test-failed-1.png]]

[[ATTACHMENT|test-results/transactions-Transactions--e9116-ansaction-details-correctly-firefox/video.webm]]

[[ATTACHMENT|test-results/transactions-Transactions--e9116-ansaction-details-correctly-firefox/error-context.md]]
]]>
</system-out>
</testcase>
</testsuite>
<testsuite name="basic-app.spec.ts" timestamp="2025-09-19T21:04:57.411Z" hostname="Mobile Chrome" tests="6" failures="0" skipped="0" time="15.414" errors="0">
<testcase name="Basic App Functionality › should load the application" classname="basic-app.spec.ts" time="2.287">
</testcase>
<testcase name="Basic App Functionality › should display onboarding page" classname="basic-app.spec.ts" time="2.735">
</testcase>
<testcase name="Basic App Functionality › should handle navigation to dashboard (may redirect)" classname="basic-app.spec.ts" time="2.601">
</testcase>
<testcase name="Basic App Functionality › should handle navigation to transactions" classname="basic-app.spec.ts" time="2.541">
</testcase>
<testcase name="Basic App Functionality › should handle navigation to fx-analytics" classname="basic-app.spec.ts" time="2.637">
</testcase>
<testcase name="Basic App Functionality › should handle 404 pages gracefully" classname="basic-app.spec.ts" time="2.613">
</testcase>
</testsuite>
<testsuite name="comprehensive.spec.ts" timestamp="2025-09-19T21:04:57.411Z" hostname="Mobile Chrome" tests="6" failures="0" skipped="0" time="16.897" errors="0">
<testcase name="Cross-Pay Application E2E Tests › should display the onboarding page with form elements" classname="comprehensive.spec.ts" time="1.908">
</testcase>
<testcase name="Cross-Pay Application E2E Tests › should have working navigation and routing" classname="comprehensive.spec.ts" time="3.836">
</testcase>
<testcase name="Cross-Pay Application E2E Tests › should be responsive and work on mobile viewport" classname="comprehensive.spec.ts" time="2.503">
</testcase>
<testcase name="Cross-Pay Application E2E Tests › should handle form interactions on onboarding page" classname="comprehensive.spec.ts" time="2.692">
</testcase>
<testcase name="Cross-Pay Application E2E Tests › should load without JavaScript errors" classname="comprehensive.spec.ts" time="3.244">
</testcase>
<testcase name="Cross-Pay Application E2E Tests › should have proper meta tags and title" classname="comprehensive.spec.ts" time="2.714">
</testcase>
</testsuite>
<testsuite name="dashboard.spec.ts" timestamp="2025-09-19T21:04:57.411Z" hostname="Mobile Chrome" tests="5" failures="0" skipped="0" time="19.415" errors="0">
<testcase name="Dashboard Functionality › should display dashboard with user data" classname="dashboard.spec.ts" time="3.215">
</testcase>
<testcase name="Dashboard Functionality › should navigate to transactions page" classname="dashboard.spec.ts" time="3.946">
</testcase>
<testcase name="Dashboard Functionality › should navigate to fx analytics page" classname="dashboard.spec.ts" time="4.473">
</testcase>
<testcase name="Dashboard Functionality › should display recent transactions" classname="dashboard.spec.ts" time="3.808">
<system-err>
<![CDATA[verifyRecentTransactions: Recent transactions are not displayed on the current dashboard
]]>
</system-err>
</testcase>
<testcase name="Dashboard Functionality › should handle API errors gracefully" classname="dashboard.spec.ts" time="3.973">
</testcase>
</testsuite>
<testsuite name="fx-analytics.spec.ts" timestamp="2025-09-19T21:04:57.411Z" hostname="Mobile Chrome" tests="5" failures="0" skipped="0" time="23.831" errors="0">
<testcase name="FX Analytics Page › should display FX analytics dashboard" classname="fx-analytics.spec.ts" time="5.354">
</testcase>
<testcase name="FX Analytics Page › should display current exchange rate" classname="fx-analytics.spec.ts" time="5.531">
</testcase>
<testcase name="FX Analytics Page › should change currency pair" classname="fx-analytics.spec.ts" time="4.747">
</testcase>
<testcase name="FX Analytics Page › should change time range" classname="fx-analytics.spec.ts" time="4.202">
</testcase>
<testcase name="FX Analytics Page › should handle API errors gracefully" classname="fx-analytics.spec.ts" time="3.997">
</testcase>
</testsuite>
<testsuite name="integration.spec.ts" timestamp="2025-09-19T21:04:57.411Z" hostname="Mobile Chrome" tests="1" failures="0" skipped="0" time="3.697" errors="0">
<testcase name="End-to-End User Journey › should work across different browsers and screen sizes" classname="integration.spec.ts" time="3.697">
</testcase>
</testsuite>
<testsuite name="onboarding.spec.ts" timestamp="2025-09-19T21:04:57.411Z" hostname="Mobile Chrome" tests="4" failures="0" skipped="0" time="9.167" errors="0">
<testcase name="Onboarding Flow › should display onboarding page correctly" classname="onboarding.spec.ts" time="1.892">
</testcase>
<testcase name="Onboarding Flow › should complete successful onboarding flow" classname="onboarding.spec.ts" time="2.618">
</testcase>
<testcase name="Onboarding Flow › should preserve email value on reload" classname="onboarding.spec.ts" time="2.676">
<system-out>
<![CDATA[Email preservation test - current value: 
]]>
</system-out>
</testcase>
<testcase name="Onboarding Flow › should work with different email formats" classname="onboarding.spec.ts" time="1.981">
</testcase>
</testsuite>
<testsuite name="performance.spec.ts" timestamp="2025-09-19T21:04:57.411Z" hostname="Mobile Chrome" tests="6" failures="0" skipped="0" time="16.069" errors="0">
<testcase name="Performance and Accessibility Tests › should load pages within acceptable time limits" classname="performance.spec.ts" time="4.398">
<system-out>
<![CDATA[Route / loaded in 1670ms
Route /get-started loaded in 668ms
Route /dashboard loaded in 591ms
Route /dashboard/transactions loaded in 598ms
Route /dashboard/fx-analytics loaded in 599ms
]]>
</system-out>
</testcase>
<testcase name="Performance and Accessibility Tests › should have good Core Web Vitals performance" classname="performance.spec.ts" time="1.913">
</testcase>
<testcase name="Performance and Accessibility Tests › should handle concurrent user sessions" classname="performance.spec.ts" time="2.182">
</testcase>
<testcase name="Performance and Accessibility Tests › should work with slow network conditions" classname="performance.spec.ts" time="2.352">
<system-out>
<![CDATA[Slow network load time: 2130ms
]]>
</system-out>
</testcase>
<testcase name="Performance and Accessibility Tests › should handle page reload gracefully" classname="performance.spec.ts" time="2.545">
</testcase>
<testcase name="Performance and Accessibility Tests › should be accessible with keyboard navigation" classname="performance.spec.ts" time="2.679">
</testcase>
</testsuite>
<testsuite name="transactions.spec.ts" timestamp="2025-09-19T21:04:57.411Z" hostname="Mobile Chrome" tests="2" failures="1" skipped="0" time="11.411" errors="0">
<testcase name="Transactions Page › should display transactions table" classname="transactions.spec.ts" time="3.214">
</testcase>
<testcase name="Transactions Page › should display transaction details correctly" classname="transactions.spec.ts" time="8.197">
<failure message="transactions.spec.ts:93:7 should display transaction details correctly" type="FAILURE">
<![CDATA[  [Mobile Chrome] › transactions.spec.ts:93:7 › Transactions Page › should display transaction details correctly 

    Error: expect(locator).toContainText(expected) failed

    Locator: locator('app-data-table tbody tr:nth-child(1)').locator('td:nth-child(3)')
    Expected string: "100"
    Received: <element(s) not found>
    Timeout: 5000ms

    Call log:
      - Expect "toContainText" with timeout 5000ms
      - waiting for locator('app-data-table tbody tr:nth-child(1)').locator('td:nth-child(3)')
        2 × locator resolved to <td class="px-6 py-4 whitespace-nowrap text-sm text-gray-900">…</td>
          - unexpected value ""


       at pages/transactions.page.ts:58

      56 |     if (details.amount) {
      57 |       const amountCell = transaction.locator('td:nth-child(3)');
    > 58 |       await expect(amountCell).toContainText(details.amount);
         |                                ^
      59 |     }
      60 |     
      61 |     if (details.type) {
        at TransactionsPage.expectTransactionDetails (/Users/abm/Documents/projects/cross-pay/e2e/pages/transactions.page.ts:58:32)
        at /Users/abm/Documents/projects/cross-pay/e2e/transactions.spec.ts:94:28

    attachment #1: screenshot (image/png) ──────────────────────────────────────────────────────────
    ../test-results/transactions-Transactions--e9116-ansaction-details-correctly-Mobile-Chrome/test-failed-1.png
    ────────────────────────────────────────────────────────────────────────────────────────────────

    attachment #2: video (video/webm) ──────────────────────────────────────────────────────────────
    ../test-results/transactions-Transactions--e9116-ansaction-details-correctly-Mobile-Chrome/video.webm
    ────────────────────────────────────────────────────────────────────────────────────────────────

    Error Context: ../test-results/transactions-Transactions--e9116-ansaction-details-correctly-Mobile-Chrome/error-context.md
]]>
</failure>
<system-out>
<![CDATA[
[[ATTACHMENT|test-results/transactions-Transactions--e9116-ansaction-details-correctly-Mobile-Chrome/test-failed-1.png]]

[[ATTACHMENT|test-results/transactions-Transactions--e9116-ansaction-details-correctly-Mobile-Chrome/video.webm]]

[[ATTACHMENT|test-results/transactions-Transactions--e9116-ansaction-details-correctly-Mobile-Chrome/error-context.md]]
]]>
</system-out>
</testcase>
</testsuite>
</testsuites>